<?xml version="1.0" encoding="UTF-8"?>
<coverage generated="1631083824369" clover="3.2.0">
  <project timestamp="1631083824369" name="All files">
    <metrics statements="297" coveredstatements="87" conditionals="91" coveredconditionals="20" methods="65" coveredmethods="17" elements="453" coveredelements="124" complexity="0" loc="297" ncloc="297" packages="13" files="21" classes="21"/>
    <package name="01_entity.models">
      <metrics statements="44" coveredstatements="44" conditionals="12" coveredconditionals="11" methods="4" coveredmethods="4"/>
      <file name="flex_style.ts" path="/Users/kos/01_dev/07_u-tools/u-tools/src/01_entity/models/flex_style.ts">
        <metrics statements="18" coveredstatements="18" conditionals="10" coveredconditionals="9" methods="2" coveredmethods="2"/>
        <line num="1" count="2" type="stmt"/>
        <line num="2" count="9" type="stmt"/>
        <line num="3" count="9" type="stmt"/>
        <line num="4" count="23" type="cond" truecount="1" falsecount="1"/>
        <line num="5" count="23" type="cond" truecount="2" falsecount="0"/>
        <line num="6" count="11" type="stmt"/>
        <line num="7" count="12" type="cond" truecount="4" falsecount="0"/>
        <line num="8" count="2" type="stmt"/>
        <line num="10" count="10" type="stmt"/>
        <line num="14" count="9" type="stmt"/>
        <line num="17" count="2" type="stmt"/>
        <line num="18" count="1" type="stmt"/>
        <line num="19" count="1" type="stmt"/>
        <line num="20" count="1" type="stmt"/>
        <line num="21" count="2" type="cond" truecount="2" falsecount="0"/>
        <line num="22" count="1" type="stmt"/>
        <line num="24" count="1" type="stmt"/>
        <line num="27" count="1" type="stmt"/>
      </file>
      <file name="vector_icons.ts" path="/Users/kos/01_dev/07_u-tools/u-tools/src/01_entity/models/vector_icons.ts">
        <metrics statements="26" coveredstatements="26" conditionals="2" coveredconditionals="2" methods="2" coveredmethods="2"/>
        <line num="1" count="1" type="stmt"/>
        <line num="18" count="1" type="stmt"/>
        <line num="20" count="1" type="stmt"/>
        <line num="21" count="1" type="stmt"/>
        <line num="22" count="1" type="stmt"/>
        <line num="23" count="1" type="stmt"/>
        <line num="24" count="1" type="stmt"/>
        <line num="25" count="1" type="stmt"/>
        <line num="26" count="1" type="stmt"/>
        <line num="27" count="1" type="stmt"/>
        <line num="28" count="1" type="stmt"/>
        <line num="29" count="1" type="stmt"/>
        <line num="32" count="1" type="stmt"/>
        <line num="33" count="1" type="stmt"/>
        <line num="34" count="1" type="stmt"/>
        <line num="35" count="1" type="stmt"/>
        <line num="37" count="1" type="stmt"/>
        <line num="53" count="1" type="stmt"/>
        <line num="70" count="1" type="stmt"/>
        <line num="71" count="2" type="stmt"/>
        <line num="73" count="2" type="cond" truecount="2" falsecount="0"/>
        <line num="74" count="1" type="stmt"/>
        <line num="76" count="1" type="stmt"/>
        <line num="77" count="1" type="stmt"/>
        <line num="78" count="184" type="stmt"/>
        <line num="80" count="1" type="stmt"/>
      </file>
    </package>
    <package name="04_external.components.01_atoms">
      <metrics statements="3" coveredstatements="0" conditionals="2" coveredconditionals="0" methods="1" coveredmethods="0"/>
      <file name="TabBarIcon.tsx" path="/Users/kos/01_dev/07_u-tools/u-tools/src/04_external/components/01_atoms/TabBarIcon.tsx">
        <metrics statements="3" coveredstatements="0" conditionals="2" coveredconditionals="0" methods="1" coveredmethods="0"/>
        <line num="11" count="0" type="stmt"/>
        <line num="12" count="0" type="stmt"/>
        <line num="13" count="0" type="stmt"/>
      </file>
    </package>
    <package name="04_external.components.01_atoms.Console">
      <metrics statements="9" coveredstatements="8" conditionals="2" coveredconditionals="2" methods="3" coveredmethods="2"/>
      <file name="index.tsx" path="/Users/kos/01_dev/07_u-tools/u-tools/src/04_external/components/01_atoms/Console/index.tsx">
        <metrics statements="9" coveredstatements="8" conditionals="2" coveredconditionals="2" methods="3" coveredmethods="2"/>
        <line num="12" count="1" type="stmt"/>
        <line num="45" count="1" type="stmt"/>
        <line num="46" count="3" type="stmt"/>
        <line num="47" count="3" type="stmt"/>
        <line num="49" count="3" type="cond" truecount="2" falsecount="0"/>
        <line num="50" count="1" type="stmt"/>
        <line num="55" count="0" type="stmt"/>
        <line num="62" count="2" type="stmt"/>
        <line num="74" count="1" type="stmt"/>
      </file>
    </package>
    <package name="04_external.components.01_atoms.FontFamilyItem">
      <metrics statements="5" coveredstatements="5" conditionals="2" coveredconditionals="2" methods="2" coveredmethods="2"/>
      <file name="index.tsx" path="/Users/kos/01_dev/07_u-tools/u-tools/src/04_external/components/01_atoms/FontFamilyItem/index.tsx">
        <metrics statements="5" coveredstatements="5" conditionals="2" coveredconditionals="2" methods="2" coveredmethods="2"/>
        <line num="5" count="1" type="stmt"/>
        <line num="22" count="1" type="stmt"/>
        <line num="23" count="2" type="stmt"/>
        <line num="24" count="2" type="stmt"/>
        <line num="27" count="1" type="stmt"/>
      </file>
    </package>
    <package name="04_external.components.01_atoms.IconItem">
      <metrics statements="23" coveredstatements="9" conditionals="15" coveredconditionals="1" methods="3" coveredmethods="3"/>
      <file name="index.tsx" path="/Users/kos/01_dev/07_u-tools/u-tools/src/04_external/components/01_atoms/IconItem/index.tsx">
        <metrics statements="23" coveredstatements="9" conditionals="15" coveredconditionals="1" methods="3" coveredmethods="3"/>
        <line num="22" count="1" type="stmt"/>
        <line num="45" count="1" type="stmt"/>
        <line num="47" count="1" type="stmt"/>
        <line num="48" count="1" type="stmt"/>
        <line num="49" count="1" type="stmt"/>
        <line num="50" count="1" type="cond" truecount="1" falsecount="14"/>
        <line num="52" count="0" type="stmt"/>
        <line num="54" count="0" type="stmt"/>
        <line num="56" count="0" type="stmt"/>
        <line num="58" count="0" type="stmt"/>
        <line num="60" count="0" type="stmt"/>
        <line num="62" count="0" type="stmt"/>
        <line num="64" count="0" type="stmt"/>
        <line num="66" count="0" type="stmt"/>
        <line num="68" count="1" type="stmt"/>
        <line num="70" count="0" type="stmt"/>
        <line num="74" count="0" type="stmt"/>
        <line num="82" count="0" type="stmt"/>
        <line num="86" count="0" type="stmt"/>
        <line num="88" count="0" type="stmt"/>
        <line num="90" count="0" type="stmt"/>
        <line num="93" count="1" type="stmt"/>
        <line num="96" count="1" type="stmt"/>
      </file>
    </package>
    <package name="04_external.components.01_atoms.PageTitle">
      <metrics statements="4" coveredstatements="4" conditionals="0" coveredconditionals="0" methods="1" coveredmethods="1"/>
      <file name="index.tsx" path="/Users/kos/01_dev/07_u-tools/u-tools/src/04_external/components/01_atoms/PageTitle/index.tsx">
        <metrics statements="4" coveredstatements="4" conditionals="0" coveredconditionals="0" methods="1" coveredmethods="1"/>
        <line num="6" count="1" type="stmt"/>
        <line num="14" count="1" type="stmt"/>
        <line num="15" count="1" type="stmt"/>
        <line num="17" count="1" type="stmt"/>
      </file>
    </package>
    <package name="04_external.components.05_pages">
      <metrics statements="105" coveredstatements="0" conditionals="54" coveredconditionals="0" methods="20" coveredmethods="0"/>
      <file name="AddressTransformScreen.tsx" path="/Users/kos/01_dev/07_u-tools/u-tools/src/04_external/components/05_pages/AddressTransformScreen.tsx">
        <metrics statements="26" coveredstatements="0" conditionals="6" coveredconditionals="0" methods="6" coveredmethods="0"/>
        <line num="12" count="0" type="stmt"/>
        <line num="14" count="0" type="stmt"/>
        <line num="15" count="0" type="stmt"/>
        <line num="25" count="0" type="stmt"/>
        <line num="26" count="0" type="stmt"/>
        <line num="27" count="0" type="stmt"/>
        <line num="28" count="0" type="stmt"/>
        <line num="29" count="0" type="stmt"/>
        <line num="31" count="0" type="stmt"/>
        <line num="32" count="0" type="cond" truecount="0" falsecount="2"/>
        <line num="33" count="0" type="stmt"/>
        <line num="34" count="0" type="stmt"/>
        <line num="37" count="0" type="stmt"/>
        <line num="38" count="0" type="stmt"/>
        <line num="40" count="0" type="stmt"/>
        <line num="41" count="0" type="stmt"/>
        <line num="43" count="0" type="stmt"/>
        <line num="45" count="0" type="stmt"/>
        <line num="46" count="0" type="stmt"/>
        <line num="48" count="0" type="cond" truecount="0" falsecount="2"/>
        <line num="49" count="0" type="stmt"/>
        <line num="51" count="0" type="stmt"/>
        <line num="54" count="0" type="stmt"/>
        <line num="64" count="0" type="stmt"/>
        <line num="75" count="0" type="stmt"/>
        <line num="103" count="0" type="stmt"/>
      </file>
      <file name="CompanyNameTransformScreen.tsx" path="/Users/kos/01_dev/07_u-tools/u-tools/src/04_external/components/05_pages/CompanyNameTransformScreen.tsx">
        <metrics statements="31" coveredstatements="0" conditionals="6" coveredconditionals="0" methods="6" coveredmethods="0"/>
        <line num="12" count="0" type="stmt"/>
        <line num="14" count="0" type="stmt"/>
        <line num="15" count="0" type="stmt"/>
        <line num="25" count="0" type="stmt"/>
        <line num="26" count="0" type="stmt"/>
        <line num="27" count="0" type="stmt"/>
        <line num="28" count="0" type="stmt"/>
        <line num="29" count="0" type="stmt"/>
        <line num="31" count="0" type="stmt"/>
        <line num="32" count="0" type="cond" truecount="0" falsecount="2"/>
        <line num="33" count="0" type="stmt"/>
        <line num="34" count="0" type="stmt"/>
        <line num="36" count="0" type="stmt"/>
        <line num="37" count="0" type="stmt"/>
        <line num="39" count="0" type="stmt"/>
        <line num="40" count="0" type="stmt"/>
        <line num="42" count="0" type="stmt"/>
        <line num="43" count="0" type="stmt"/>
        <line num="45" count="0" type="stmt"/>
        <line num="46" count="0" type="stmt"/>
        <line num="48" count="0" type="stmt"/>
        <line num="49" count="0" type="stmt"/>
        <line num="51" count="0" type="stmt"/>
        <line num="52" count="0" type="stmt"/>
        <line num="53" count="0" type="cond" truecount="0" falsecount="2"/>
        <line num="54" count="0" type="stmt"/>
        <line num="56" count="0" type="stmt"/>
        <line num="59" count="0" type="stmt"/>
        <line num="69" count="0" type="stmt"/>
        <line num="80" count="0" type="stmt"/>
        <line num="108" count="0" type="stmt"/>
      </file>
      <file name="DatetimeTransformScreen.tsx" path="/Users/kos/01_dev/07_u-tools/u-tools/src/04_external/components/05_pages/DatetimeTransformScreen.tsx">
        <metrics statements="48" coveredstatements="0" conditionals="42" coveredconditionals="0" methods="8" coveredmethods="0"/>
        <line num="12" count="0" type="stmt"/>
        <line num="14" count="0" type="stmt"/>
        <line num="15" count="0" type="stmt"/>
        <line num="26" count="0" type="stmt"/>
        <line num="27" count="0" type="cond" truecount="0" falsecount="2"/>
        <line num="28" count="0" type="stmt"/>
        <line num="30" count="0" type="stmt"/>
        <line num="32" count="0" type="cond" truecount="0" falsecount="6"/>
        <line num="33" count="0" type="cond" truecount="0" falsecount="6"/>
        <line num="34" count="0" type="cond" truecount="0" falsecount="6"/>
        <line num="35" count="0" type="cond" truecount="0" falsecount="6"/>
        <line num="36" count="0" type="cond" truecount="0" falsecount="6"/>
        <line num="39" count="0" type="stmt"/>
        <line num="40" count="0" type="stmt"/>
        <line num="41" count="0" type="stmt"/>
        <line num="42" count="0" type="stmt"/>
        <line num="43" count="0" type="stmt"/>
        <line num="46" count="0" type="stmt"/>
        <line num="47" count="0" type="stmt"/>
        <line num="48" count="0" type="stmt"/>
        <line num="49" count="0" type="stmt"/>
        <line num="50" count="0" type="stmt"/>
        <line num="52" count="0" type="stmt"/>
        <line num="53" count="0" type="cond" truecount="0" falsecount="2"/>
        <line num="54" count="0" type="stmt"/>
        <line num="55" count="0" type="stmt"/>
        <line num="57" count="0" type="stmt"/>
        <line num="59" count="0" type="stmt"/>
        <line num="60" count="0" type="cond" truecount="0" falsecount="2"/>
        <line num="61" count="0" type="stmt"/>
        <line num="63" count="0" type="stmt"/>
        <line num="66" count="0" type="stmt"/>
        <line num="74" count="0" type="stmt"/>
        <line num="76" count="0" type="stmt"/>
        <line num="77" count="0" type="stmt"/>
        <line num="78" count="0" type="stmt"/>
        <line num="79" count="0" type="cond" truecount="0" falsecount="2"/>
        <line num="80" count="0" type="stmt"/>
        <line num="82" count="0" type="stmt"/>
        <line num="92" count="0" type="stmt"/>
        <line num="93" count="0" type="stmt"/>
        <line num="95" count="0" type="cond" truecount="0" falsecount="2"/>
        <line num="96" count="0" type="stmt"/>
        <line num="98" count="0" type="stmt"/>
        <line num="101" count="0" type="stmt"/>
        <line num="112" count="0" type="stmt"/>
        <line num="122" count="0" type="stmt"/>
        <line num="158" count="0" type="stmt"/>
      </file>
    </package>
    <package name="04_external.components.05_pages.FlexPreviewScreen">
      <metrics statements="36" coveredstatements="15" conditionals="4" coveredconditionals="4" methods="8" coveredmethods="5"/>
      <file name="PreviewComponent.tsx" path="/Users/kos/01_dev/07_u-tools/u-tools/src/04_external/components/05_pages/FlexPreviewScreen/PreviewComponent.tsx">
        <metrics statements="7" coveredstatements="7" conditionals="4" coveredconditionals="4" methods="2" coveredmethods="2"/>
        <line num="7" count="1" type="stmt"/>
        <line num="24" count="1" type="stmt"/>
        <line num="25" count="4" type="stmt"/>
        <line num="26" count="4" type="stmt"/>
        <line num="53" count="1" type="stmt"/>
        <line num="66" count="1" type="stmt"/>
        <line num="67" count="1" type="stmt"/>
      </file>
      <file name="SettingComponent.tsx" path="/Users/kos/01_dev/07_u-tools/u-tools/src/04_external/components/05_pages/FlexPreviewScreen/SettingComponent.tsx">
        <metrics statements="9" coveredstatements="8" conditionals="0" coveredconditionals="0" methods="4" coveredmethods="3"/>
        <line num="6" count="1" type="stmt"/>
        <line num="72" count="1" type="stmt"/>
        <line num="73" count="11" type="stmt"/>
        <line num="74" count="11" type="stmt"/>
        <line num="82" count="0" type="stmt"/>
        <line num="85" count="54" type="stmt"/>
        <line num="116" count="1" type="stmt"/>
        <line num="140" count="1" type="stmt"/>
        <line num="141" count="1" type="stmt"/>
      </file>
      <file name="index.tsx" path="/Users/kos/01_dev/07_u-tools/u-tools/src/04_external/components/05_pages/FlexPreviewScreen/index.tsx">
        <metrics statements="20" coveredstatements="0" conditionals="0" coveredconditionals="0" methods="2" coveredmethods="0"/>
        <line num="13" count="0" type="stmt"/>
        <line num="45" count="0" type="stmt"/>
        <line num="46" count="0" type="stmt"/>
        <line num="47" count="0" type="stmt"/>
        <line num="48" count="0" type="stmt"/>
        <line num="49" count="0" type="stmt"/>
        <line num="50" count="0" type="stmt"/>
        <line num="51" count="0" type="stmt"/>
        <line num="52" count="0" type="stmt"/>
        <line num="53" count="0" type="stmt"/>
        <line num="54" count="0" type="stmt"/>
        <line num="55" count="0" type="stmt"/>
        <line num="56" count="0" type="stmt"/>
        <line num="57" count="0" type="stmt"/>
        <line num="59" count="0" type="stmt"/>
        <line num="60" count="0" type="stmt"/>
        <line num="67" count="0" type="stmt"/>
        <line num="70" count="0" type="stmt"/>
        <line num="76" count="0" type="stmt"/>
        <line num="96" count="0" type="stmt"/>
      </file>
    </package>
    <package name="04_external.components.05_pages.HomeScreen">
      <metrics statements="8" coveredstatements="0" conditionals="0" coveredconditionals="0" methods="3" coveredmethods="0"/>
      <file name="index.tsx" path="/Users/kos/01_dev/07_u-tools/u-tools/src/04_external/components/05_pages/HomeScreen/index.tsx">
        <metrics statements="8" coveredstatements="0" conditionals="0" coveredconditionals="0" methods="3" coveredmethods="0"/>
        <line num="8" count="0" type="stmt"/>
        <line num="29" count="0" type="stmt"/>
        <line num="30" count="0" type="stmt"/>
        <line num="32" count="0" type="stmt"/>
        <line num="33" count="0" type="stmt"/>
        <line num="35" count="0" type="stmt"/>
        <line num="36" count="0" type="stmt"/>
        <line num="38" count="0" type="stmt"/>
      </file>
    </package>
    <package name="04_external.components.05_pages.IconsScreen">
      <metrics statements="37" coveredstatements="0" conditionals="0" coveredconditionals="0" methods="13" coveredmethods="0"/>
      <file name="index.tsx" path="/Users/kos/01_dev/07_u-tools/u-tools/src/04_external/components/05_pages/IconsScreen/index.tsx">
        <metrics statements="8" coveredstatements="0" conditionals="0" coveredconditionals="0" methods="3" coveredmethods="0"/>
        <line num="7" count="0" type="stmt"/>
        <line num="8" count="0" type="stmt"/>
        <line num="10" count="0" type="stmt"/>
        <line num="11" count="0" type="stmt"/>
        <line num="14" count="0" type="stmt"/>
        <line num="16" count="0" type="stmt"/>
        <line num="18" count="0" type="stmt"/>
        <line num="23" count="0" type="stmt"/>
      </file>
      <file name="ui.tsx" path="/Users/kos/01_dev/07_u-tools/u-tools/src/04_external/components/05_pages/IconsScreen/ui.tsx">
        <metrics statements="29" coveredstatements="0" conditionals="0" coveredconditionals="0" methods="10" coveredmethods="0"/>
        <line num="14" count="0" type="stmt"/>
        <line num="73" count="0" type="stmt"/>
        <line num="74" count="0" type="stmt"/>
        <line num="75" count="0" type="stmt"/>
        <line num="76" count="0" type="stmt"/>
        <line num="77" count="0" type="stmt"/>
        <line num="78" count="0" type="stmt"/>
        <line num="80" count="0" type="stmt"/>
        <line num="82" count="0" type="stmt"/>
        <line num="83" count="0" type="stmt"/>
        <line num="86" count="0" type="stmt"/>
        <line num="89" count="0" type="stmt"/>
        <line num="91" count="0" type="stmt"/>
        <line num="92" count="0" type="stmt"/>
        <line num="97" count="0" type="stmt"/>
        <line num="99" count="0" type="stmt"/>
        <line num="100" count="0" type="stmt"/>
        <line num="101" count="0" type="stmt"/>
        <line num="106" count="0" type="stmt"/>
        <line num="107" count="0" type="stmt"/>
        <line num="108" count="0" type="stmt"/>
        <line num="109" count="0" type="stmt"/>
        <line num="112" count="0" type="stmt"/>
        <line num="113" count="0" type="stmt"/>
        <line num="120" count="0" type="stmt"/>
        <line num="137" count="0" type="stmt"/>
        <line num="152" count="0" type="stmt"/>
        <line num="170" count="0" type="stmt"/>
        <line num="175" count="0" type="stmt"/>
      </file>
    </package>
    <package name="04_external.navigation">
      <metrics statements="21" coveredstatements="0" conditionals="0" coveredconditionals="0" methods="7" coveredmethods="0"/>
      <file name="AppNavigator.tsx" path="/Users/kos/01_dev/07_u-tools/u-tools/src/04_external/navigation/AppNavigator.tsx">
        <metrics statements="6" coveredstatements="0" conditionals="0" coveredconditionals="0" methods="2" coveredmethods="0"/>
        <line num="9" count="0" type="stmt"/>
        <line num="11" count="0" type="stmt"/>
        <line num="12" count="0" type="stmt"/>
        <line num="13" count="0" type="stmt"/>
        <line num="14" count="0" type="stmt"/>
        <line num="36" count="0" type="stmt"/>
      </file>
      <file name="AppNavigator.web.tsx" path="/Users/kos/01_dev/07_u-tools/u-tools/src/04_external/navigation/AppNavigator.web.tsx">
        <metrics statements="6" coveredstatements="0" conditionals="0" coveredconditionals="0" methods="2" coveredmethods="0"/>
        <line num="9" count="0" type="stmt"/>
        <line num="11" count="0" type="stmt"/>
        <line num="12" count="0" type="stmt"/>
        <line num="13" count="0" type="stmt"/>
        <line num="14" count="0" type="stmt"/>
        <line num="36" count="0" type="stmt"/>
      </file>
      <file name="MainTabNavigator.tsx" path="/Users/kos/01_dev/07_u-tools/u-tools/src/04_external/navigation/MainTabNavigator.tsx">
        <metrics statements="9" coveredstatements="0" conditionals="0" coveredconditionals="0" methods="3" coveredmethods="0"/>
        <line num="15" count="0" type="stmt"/>
        <line num="18" count="0" type="stmt"/>
        <line num="21" count="0" type="stmt"/>
        <line num="49" count="0" type="stmt"/>
        <line num="52" count="0" type="stmt"/>
        <line num="56" count="0" type="stmt"/>
        <line num="57" count="0" type="stmt"/>
        <line num="58" count="0" type="stmt"/>
        <line num="61" count="0" type="stmt"/>
      </file>
    </package>
    <package name="04_external.styles">
      <metrics statements="2" coveredstatements="2" conditionals="0" coveredconditionals="0" methods="0" coveredmethods="0"/>
      <file name="Colors.ts" path="/Users/kos/01_dev/07_u-tools/u-tools/src/04_external/styles/Colors.ts">
        <metrics statements="2" coveredstatements="2" conditionals="0" coveredconditionals="0" methods="0" coveredmethods="0"/>
        <line num="1" count="5" type="stmt"/>
        <line num="3" count="5" type="stmt"/>
      </file>
    </package>
    <package name="types">
      <metrics statements="0" coveredstatements="0" conditionals="0" coveredconditionals="0" methods="0" coveredmethods="0"/>
      <file name="extend-expect.d.ts" path="/Users/kos/01_dev/07_u-tools/u-tools/src/types/extend-expect.d.ts">
        <metrics statements="0" coveredstatements="0" conditionals="0" coveredconditionals="0" methods="0" coveredmethods="0"/>
      </file>
    </package>
  </project>
</coverage>
