{"/Users/kos/01_dev/07_u-tools/u-tools/src/01_entity/models/flex_style.ts": {"path":"/Users/kos/01_dev/07_u-tools/u-tools/src/01_entity/models/flex_style.ts","statementMap":{"0":{"start":{"line":1,"column":27},"end":{"line":15,"column":1}},"1":{"start":{"line":2,"column":14},"end":{"line":2,"column":16}},"2":{"start":{"line":3,"column":2},"end":{"line":13,"column":3}},"3":{"start":{"line":4,"column":4},"end":{"line":12,"column":5}},"4":{"start":{"line":5,"column":6},"end":{"line":11,"column":7}},"5":{"start":{"line":6,"column":8},"end":{"line":6,"column":42}},"6":{"start":{"line":7,"column":13},"end":{"line":11,"column":7}},"7":{"start":{"line":8,"column":8},"end":{"line":8,"column":42}},"8":{"start":{"line":10,"column":8},"end":{"line":10,"column":34}},"9":{"start":{"line":14,"column":2},"end":{"line":14,"column":15}},"10":{"start":{"line":17,"column":31},"end":{"line":28,"column":1}},"11":{"start":{"line":18,"column":17},"end":{"line":18,"column":33}},"12":{"start":{"line":19,"column":12},"end":{"line":19,"column":14}},"13":{"start":{"line":20,"column":2},"end":{"line":26,"column":3}},"14":{"start":{"line":21,"column":4},"end":{"line":25,"column":5}},"15":{"start":{"line":22,"column":6},"end":{"line":22,"column":64}},"16":{"start":{"line":24,"column":6},"end":{"line":24,"column":57}},"17":{"start":{"line":27,"column":2},"end":{"line":27,"column":13}}},"fnMap":{"0":{"name":"(anonymous_0)","decl":{"start":{"line":1,"column":27},"end":{"line":1,"column":28}},"loc":{"start":{"line":1,"column":48},"end":{"line":15,"column":1}},"line":1},"1":{"name":"(anonymous_1)","decl":{"start":{"line":17,"column":31},"end":{"line":17,"column":32}},"loc":{"start":{"line":17,"column":48},"end":{"line":28,"column":1}},"line":17}},"branchMap":{"0":{"loc":{"start":{"line":4,"column":4},"end":{"line":12,"column":5}},"type":"if","locations":[{"start":{"line":4,"column":4},"end":{"line":12,"column":5}},{"start":{"line":4,"column":4},"end":{"line":12,"column":5}}],"line":4},"1":{"loc":{"start":{"line":5,"column":6},"end":{"line":11,"column":7}},"type":"if","locations":[{"start":{"line":5,"column":6},"end":{"line":11,"column":7}},{"start":{"line":5,"column":6},"end":{"line":11,"column":7}}],"line":5},"2":{"loc":{"start":{"line":7,"column":13},"end":{"line":11,"column":7}},"type":"if","locations":[{"start":{"line":7,"column":13},"end":{"line":11,"column":7}},{"start":{"line":7,"column":13},"end":{"line":11,"column":7}}],"line":7},"3":{"loc":{"start":{"line":7,"column":17},"end":{"line":7,"column":63}},"type":"binary-expr","locations":[{"start":{"line":7,"column":17},"end":{"line":7,"column":36}},{"start":{"line":7,"column":40},"end":{"line":7,"column":63}}],"line":7},"4":{"loc":{"start":{"line":21,"column":4},"end":{"line":25,"column":5}},"type":"if","locations":[{"start":{"line":21,"column":4},"end":{"line":25,"column":5}},{"start":{"line":21,"column":4},"end":{"line":25,"column":5}}],"line":21}},"s":{"0":2,"1":9,"2":9,"3":23,"4":23,"5":11,"6":12,"7":2,"8":10,"9":9,"10":2,"11":1,"12":1,"13":1,"14":2,"15":1,"16":1,"17":1},"f":{"0":9,"1":1},"b":{"0":[23,0],"1":[11,12],"2":[2,10],"3":[12,2],"4":[1,1]},"_coverageSchema":"1a1c01bbd47fc00a2c39e90264f33305004495a9","hash":"0d760014545a5159299d373e35b400fe7ecd878d"}
,"/Users/kos/01_dev/07_u-tools/u-tools/src/01_entity/models/vector_icons.ts": {"path":"/Users/kos/01_dev/07_u-tools/u-tools/src/01_entity/models/vector_icons.ts","statementMap":{"0":{"start":{"line":1,"column":21},"end":{"line":16,"column":1}},"1":{"start":{"line":18,"column":32},"end":{"line":18,"column":57}},"2":{"start":{"line":20,"column":25},"end":{"line":20,"column":60}},"3":{"start":{"line":21,"column":22},"end":{"line":21,"column":54}},"4":{"start":{"line":22,"column":25},"end":{"line":22,"column":60}},"5":{"start":{"line":23,"column":23},"end":{"line":23,"column":56}},"6":{"start":{"line":24,"column":27},"end":{"line":24,"column":64}},"7":{"start":{"line":25,"column":28},"end":{"line":25,"column":66}},"8":{"start":{"line":26,"column":26},"end":{"line":26,"column":62}},"9":{"start":{"line":27,"column":24},"end":{"line":27,"column":58}},"10":{"start":{"line":28,"column":29},"end":{"line":28,"column":68}},"11":{"start":{"line":29,"column":38},"end":{"line":31,"column":1}},"12":{"start":{"line":32,"column":31},"end":{"line":32,"column":72}},"13":{"start":{"line":33,"column":24},"end":{"line":33,"column":58}},"14":{"start":{"line":34,"column":22},"end":{"line":34,"column":54}},"15":{"start":{"line":35,"column":24},"end":{"line":35,"column":58}},"16":{"start":{"line":37,"column":28},"end":{"line":52,"column":1}},"17":{"start":{"line":53,"column":21},"end":{"line":68,"column":1}},"18":{"start":{"line":70,"column":26},"end":{"line":81,"column":1}},"19":{"start":{"line":71,"column":20},"end":{"line":71,"column":39}},"20":{"start":{"line":73,"column":2},"end":{"line":75,"column":3}},"21":{"start":{"line":74,"column":4},"end":{"line":74,"column":21}},"22":{"start":{"line":76,"column":13},"end":{"line":76,"column":51}},"23":{"start":{"line":77,"column":23},"end":{"line":79,"column":4}},"24":{"start":{"line":78,"column":4},"end":{"line":78,"column":25}},"25":{"start":{"line":80,"column":2},"end":{"line":80,"column":22}}},"fnMap":{"0":{"name":"(anonymous_0)","decl":{"start":{"line":70,"column":26},"end":{"line":70,"column":27}},"loc":{"start":{"line":70,"column":74},"end":{"line":81,"column":1}},"line":70},"1":{"name":"(anonymous_1)","decl":{"start":{"line":77,"column":40},"end":{"line":77,"column":41}},"loc":{"start":{"line":77,"column":50},"end":{"line":79,"column":3}},"line":77}},"branchMap":{"0":{"loc":{"start":{"line":73,"column":2},"end":{"line":75,"column":3}},"type":"if","locations":[{"start":{"line":73,"column":2},"end":{"line":75,"column":3}},{"start":{"line":73,"column":2},"end":{"line":75,"column":3}}],"line":73}},"s":{"0":1,"1":1,"2":1,"3":1,"4":1,"5":1,"6":1,"7":1,"8":1,"9":1,"10":1,"11":1,"12":1,"13":1,"14":1,"15":1,"16":1,"17":1,"18":1,"19":2,"20":2,"21":1,"22":1,"23":1,"24":184,"25":1},"f":{"0":2,"1":184},"b":{"0":[1,1]},"_coverageSchema":"1a1c01bbd47fc00a2c39e90264f33305004495a9","hash":"0e1cc3e6a9b5eb07a296a5786ad6aef19a57f43c"}
,"/Users/kos/01_dev/07_u-tools/u-tools/src/04_external/components/01_atoms/TabBarIcon.tsx": {"path":"/Users/kos/01_dev/07_u-tools/u-tools/src/04_external/components/01_atoms/TabBarIcon.tsx","statementMap":{"0":{"start":{"line":11,"column":26},"end":{"line":20,"column":1}},"1":{"start":{"line":12,"column":28},"end":{"line":12,"column":33}},"2":{"start":{"line":13,"column":2},"end":{"line":19,"column":4}}},"fnMap":{"0":{"name":"(anonymous_0)","decl":{"start":{"line":11,"column":26},"end":{"line":11,"column":27}},"loc":{"start":{"line":11,"column":49},"end":{"line":20,"column":1}},"line":11}},"branchMap":{"0":{"loc":{"start":{"line":17,"column":13},"end":{"line":17,"column":69}},"type":"cond-expr","locations":[{"start":{"line":17,"column":23},"end":{"line":17,"column":45}},{"start":{"line":17,"column":48},"end":{"line":17,"column":69}}],"line":17}},"s":{"0":0,"1":0,"2":0},"f":{"0":0},"b":{"0":[0,0]}}
,"/Users/kos/01_dev/07_u-tools/u-tools/src/04_external/components/01_atoms/Console/index.tsx": {"path":"/Users/kos/01_dev/07_u-tools/u-tools/src/04_external/components/01_atoms/Console/index.tsx","statementMap":{"0":{"start":{"line":12,"column":15},"end":{"line":39,"column":2}},"1":{"start":{"line":45,"column":23},"end":{"line":80,"column":1}},"2":{"start":{"line":46,"column":36},"end":{"line":46,"column":50}},"3":{"start":{"line":47,"column":26},"end":{"line":47,"column":31}},"4":{"start":{"line":49,"column":2},"end":{"line":61,"column":3}},"5":{"start":{"line":50,"column":4},"end":{"line":60,"column":6}},"6":{"start":{"line":55,"column":12},"end":{"line":55,"column":31}},"7":{"start":{"line":62,"column":2},"end":{"line":79,"column":4}},"8":{"start":{"line":74,"column":10},"end":{"line":74,"column":30}}},"fnMap":{"0":{"name":"(anonymous_0)","decl":{"start":{"line":45,"column":23},"end":{"line":45,"column":24}},"loc":{"start":{"line":45,"column":46},"end":{"line":80,"column":1}},"line":45},"1":{"name":"(anonymous_1)","decl":{"start":{"line":54,"column":19},"end":{"line":54,"column":20}},"loc":{"start":{"line":54,"column":25},"end":{"line":56,"column":11}},"line":54},"2":{"name":"(anonymous_2)","decl":{"start":{"line":73,"column":17},"end":{"line":73,"column":18}},"loc":{"start":{"line":73,"column":23},"end":{"line":75,"column":9}},"line":73}},"branchMap":{"0":{"loc":{"start":{"line":49,"column":2},"end":{"line":61,"column":3}},"type":"if","locations":[{"start":{"line":49,"column":2},"end":{"line":61,"column":3}},{"start":{"line":49,"column":2},"end":{"line":61,"column":3}}],"line":49}},"s":{"0":1,"1":1,"2":3,"3":3,"4":3,"5":1,"6":0,"7":2,"8":1},"f":{"0":3,"1":0,"2":1},"b":{"0":[1,2]},"_coverageSchema":"1a1c01bbd47fc00a2c39e90264f33305004495a9","hash":"2d01dd8349a768b110245ce54c4f8a9f19507b88"}
,"/Users/kos/01_dev/07_u-tools/u-tools/src/04_external/components/01_atoms/FontFamilyItem/index.tsx": {"path":"/Users/kos/01_dev/07_u-tools/u-tools/src/04_external/components/01_atoms/FontFamilyItem/index.tsx","statementMap":{"0":{"start":{"line":5,"column":15},"end":{"line":14,"column":2}},"1":{"start":{"line":22,"column":30},"end":{"line":39,"column":1}},"2":{"start":{"line":23,"column":42},"end":{"line":23,"column":47}},"3":{"start":{"line":24,"column":2},"end":{"line":38,"column":4}},"4":{"start":{"line":27,"column":8},"end":{"line":27,"column":22}}},"fnMap":{"0":{"name":"(anonymous_0)","decl":{"start":{"line":22,"column":30},"end":{"line":22,"column":31}},"loc":{"start":{"line":22,"column":53},"end":{"line":39,"column":1}},"line":22},"1":{"name":"(anonymous_1)","decl":{"start":{"line":26,"column":15},"end":{"line":26,"column":16}},"loc":{"start":{"line":26,"column":21},"end":{"line":28,"column":7}},"line":26}},"branchMap":{"0":{"loc":{"start":{"line":31,"column":8},"end":{"line":33,"column":47}},"type":"cond-expr","locations":[{"start":{"line":32,"column":12},"end":{"line":32,"column":47}},{"start":{"line":33,"column":12},"end":{"line":33,"column":47}}],"line":31}},"s":{"0":1,"1":1,"2":2,"3":2,"4":1},"f":{"0":2,"1":1},"b":{"0":[1,1]},"_coverageSchema":"1a1c01bbd47fc00a2c39e90264f33305004495a9","hash":"e4c30efade2b2476b3157a9117cd5f46a11f45af"}
,"/Users/kos/01_dev/07_u-tools/u-tools/src/04_external/components/01_atoms/IconItem/index.tsx": {"path":"/Users/kos/01_dev/07_u-tools/u-tools/src/04_external/components/01_atoms/IconItem/index.tsx","statementMap":{"0":{"start":{"line":22,"column":15},"end":{"line":37,"column":2}},"1":{"start":{"line":45,"column":17},"end":{"line":45,"column":19}},"2":{"start":{"line":47,"column":24},"end":{"line":103,"column":1}},"3":{"start":{"line":48,"column":42},"end":{"line":48,"column":47}},"4":{"start":{"line":49,"column":27},"end":{"line":92,"column":3}},"5":{"start":{"line":50,"column":4},"end":{"line":91,"column":5}},"6":{"start":{"line":52,"column":8},"end":{"line":52,"column":77}},"7":{"start":{"line":54,"column":8},"end":{"line":54,"column":76}},"8":{"start":{"line":56,"column":8},"end":{"line":56,"column":74}},"9":{"start":{"line":58,"column":8},"end":{"line":58,"column":77}},"10":{"start":{"line":60,"column":8},"end":{"line":60,"column":75}},"11":{"start":{"line":62,"column":8},"end":{"line":62,"column":79}},"12":{"start":{"line":64,"column":8},"end":{"line":64,"column":80}},"13":{"start":{"line":66,"column":8},"end":{"line":66,"column":78}},"14":{"start":{"line":68,"column":8},"end":{"line":68,"column":76}},"15":{"start":{"line":70,"column":8},"end":{"line":72,"column":10}},"16":{"start":{"line":74,"column":8},"end":{"line":80,"column":10}},"17":{"start":{"line":82,"column":8},"end":{"line":84,"column":10}},"18":{"start":{"line":86,"column":8},"end":{"line":86,"column":74}},"19":{"start":{"line":88,"column":8},"end":{"line":88,"column":76}},"20":{"start":{"line":90,"column":8},"end":{"line":90,"column":21}},"21":{"start":{"line":93,"column":2},"end":{"line":102,"column":4}},"22":{"start":{"line":96,"column":8},"end":{"line":96,"column":22}}},"fnMap":{"0":{"name":"(anonymous_0)","decl":{"start":{"line":47,"column":24},"end":{"line":47,"column":25}},"loc":{"start":{"line":47,"column":47},"end":{"line":103,"column":1}},"line":47},"1":{"name":"(anonymous_1)","decl":{"start":{"line":49,"column":27},"end":{"line":49,"column":28}},"loc":{"start":{"line":49,"column":33},"end":{"line":92,"column":3}},"line":49},"2":{"name":"(anonymous_2)","decl":{"start":{"line":95,"column":15},"end":{"line":95,"column":16}},"loc":{"start":{"line":95,"column":21},"end":{"line":97,"column":7}},"line":95}},"branchMap":{"0":{"loc":{"start":{"line":50,"column":4},"end":{"line":91,"column":5}},"type":"switch","locations":[{"start":{"line":51,"column":6},"end":{"line":52,"column":77}},{"start":{"line":53,"column":6},"end":{"line":54,"column":76}},{"start":{"line":55,"column":6},"end":{"line":56,"column":74}},{"start":{"line":57,"column":6},"end":{"line":58,"column":77}},{"start":{"line":59,"column":6},"end":{"line":60,"column":75}},{"start":{"line":61,"column":6},"end":{"line":62,"column":79}},{"start":{"line":63,"column":6},"end":{"line":64,"column":80}},{"start":{"line":65,"column":6},"end":{"line":66,"column":78}},{"start":{"line":67,"column":6},"end":{"line":68,"column":76}},{"start":{"line":69,"column":6},"end":{"line":72,"column":10}},{"start":{"line":73,"column":6},"end":{"line":80,"column":10}},{"start":{"line":81,"column":6},"end":{"line":84,"column":10}},{"start":{"line":85,"column":6},"end":{"line":86,"column":74}},{"start":{"line":87,"column":6},"end":{"line":88,"column":76}},{"start":{"line":89,"column":6},"end":{"line":90,"column":21}}],"line":50}},"s":{"0":1,"1":1,"2":1,"3":1,"4":1,"5":1,"6":0,"7":0,"8":0,"9":0,"10":0,"11":0,"12":0,"13":0,"14":1,"15":0,"16":0,"17":0,"18":0,"19":0,"20":0,"21":1,"22":1},"f":{"0":1,"1":1,"2":1},"b":{"0":[0,0,0,0,0,0,0,0,1,0,0,0,0,0,0]},"_coverageSchema":"1a1c01bbd47fc00a2c39e90264f33305004495a9","hash":"eccf2504c6cee0b7f71f56d98357007f1689ed1a"}
,"/Users/kos/01_dev/07_u-tools/u-tools/src/04_external/components/01_atoms/PageTitle/index.tsx": {"path":"/Users/kos/01_dev/07_u-tools/u-tools/src/04_external/components/01_atoms/PageTitle/index.tsx","statementMap":{"0":{"start":{"line":6,"column":15},"end":{"line":9,"column":2}},"1":{"start":{"line":14,"column":25},"end":{"line":22,"column":1}},"2":{"start":{"line":15,"column":20},"end":{"line":15,"column":25}},"3":{"start":{"line":17,"column":2},"end":{"line":21,"column":4}}},"fnMap":{"0":{"name":"(anonymous_0)","decl":{"start":{"line":14,"column":25},"end":{"line":14,"column":26}},"loc":{"start":{"line":14,"column":48},"end":{"line":22,"column":1}},"line":14}},"branchMap":{},"s":{"0":1,"1":1,"2":1,"3":1},"f":{"0":1},"b":{},"_coverageSchema":"1a1c01bbd47fc00a2c39e90264f33305004495a9","hash":"9e1a71bdef98f31fa790c7aa3a7054a701069410"}
,"/Users/kos/01_dev/07_u-tools/u-tools/src/04_external/components/05_pages/AddressTransformScreen.tsx": {"path":"/Users/kos/01_dev/07_u-tools/u-tools/src/04_external/components/05_pages/AddressTransformScreen.tsx","statementMap":{"0":{"start":{"line":12,"column":29},"end":{"line":12,"column":45}},"1":{"start":{"line":14,"column":4},"end":{"line":14,"column":17}},"2":{"start":{"line":15,"column":4},"end":{"line":22,"column":6}},"3":{"start":{"line":25,"column":14},"end":{"line":61,"column":3}},"4":{"start":{"line":26,"column":16},"end":{"line":26,"column":18}},"5":{"start":{"line":27,"column":23},"end":{"line":27,"column":25}},"6":{"start":{"line":28,"column":20},"end":{"line":28,"column":48}},"7":{"start":{"line":29,"column":18},"end":{"line":29,"column":34}},"8":{"start":{"line":31,"column":25},"end":{"line":44,"column":6}},"9":{"start":{"line":32,"column":6},"end":{"line":35,"column":7}},"10":{"start":{"line":33,"column":8},"end":{"line":33,"column":42}},"11":{"start":{"line":34,"column":8},"end":{"line":34,"column":18}},"12":{"start":{"line":37,"column":6},"end":{"line":39,"column":9}},"13":{"start":{"line":38,"column":8},"end":{"line":38,"column":61}},"14":{"start":{"line":40,"column":6},"end":{"line":40,"column":42}},"15":{"start":{"line":41,"column":6},"end":{"line":41,"column":37}},"16":{"start":{"line":43,"column":6},"end":{"line":43,"column":18}},"17":{"start":{"line":45,"column":24},"end":{"line":45,"column":45}},"18":{"start":{"line":46,"column":24},"end":{"line":46,"column":49}},"19":{"start":{"line":48,"column":4},"end":{"line":52,"column":5}},"20":{"start":{"line":49,"column":6},"end":{"line":49,"column":51}},"21":{"start":{"line":51,"column":6},"end":{"line":51,"column":24}},"22":{"start":{"line":54,"column":4},"end":{"line":60,"column":7}},"23":{"start":{"line":64,"column":4},"end":{"line":99,"column":6}},"24":{"start":{"line":75,"column":14},"end":{"line":75,"column":45}},"25":{"start":{"line":103,"column":15},"end":{"line":141,"column":2}}},"fnMap":{"0":{"name":"(anonymous_0)","decl":{"start":{"line":13,"column":2},"end":{"line":13,"column":3}},"loc":{"start":{"line":13,"column":21},"end":{"line":23,"column":3}},"line":13},"1":{"name":"(anonymous_1)","decl":{"start":{"line":25,"column":14},"end":{"line":25,"column":15}},"loc":{"start":{"line":25,"column":20},"end":{"line":61,"column":3}},"line":25},"2":{"name":"(anonymous_2)","decl":{"start":{"line":31,"column":39},"end":{"line":31,"column":40}},"loc":{"start":{"line":31,"column":56},"end":{"line":44,"column":5}},"line":31},"3":{"name":"(anonymous_3)","decl":{"start":{"line":37,"column":42},"end":{"line":37,"column":43}},"loc":{"start":{"line":37,"column":49},"end":{"line":39,"column":7}},"line":37},"4":{"name":"(anonymous_4)","decl":{"start":{"line":63,"column":2},"end":{"line":63,"column":3}},"loc":{"start":{"line":63,"column":11},"end":{"line":100,"column":3}},"line":63},"5":{"name":"(anonymous_5)","decl":{"start":{"line":74,"column":26},"end":{"line":74,"column":27}},"loc":{"start":{"line":74,"column":36},"end":{"line":76,"column":13}},"line":74}},"branchMap":{"0":{"loc":{"start":{"line":32,"column":6},"end":{"line":35,"column":7}},"type":"if","locations":[{"start":{"line":32,"column":6},"end":{"line":35,"column":7}},{"start":{"line":32,"column":6},"end":{"line":35,"column":7}}],"line":32},"1":{"loc":{"start":{"line":48,"column":4},"end":{"line":52,"column":5}},"type":"if","locations":[{"start":{"line":48,"column":4},"end":{"line":52,"column":5}},{"start":{"line":48,"column":4},"end":{"line":52,"column":5}}],"line":48},"2":{"loc":{"start":{"line":90,"column":11},"end":{"line":96,"column":18}},"type":"cond-expr","locations":[{"start":{"line":91,"column":12},"end":{"line":95,"column":19}},{"start":{"line":96,"column":14},"end":{"line":96,"column":18}}],"line":90}},"s":{"0":0,"1":0,"2":0,"3":0,"4":0,"5":0,"6":0,"7":0,"8":0,"9":0,"10":0,"11":0,"12":0,"13":0,"14":0,"15":0,"16":0,"17":0,"18":0,"19":0,"20":0,"21":0,"22":0,"23":0,"24":0,"25":0},"f":{"0":0,"1":0,"2":0,"3":0,"4":0,"5":0},"b":{"0":[0,0],"1":[0,0],"2":[0,0]}}
,"/Users/kos/01_dev/07_u-tools/u-tools/src/04_external/components/05_pages/CompanyNameTransformScreen.tsx": {"path":"/Users/kos/01_dev/07_u-tools/u-tools/src/04_external/components/05_pages/CompanyNameTransformScreen.tsx","statementMap":{"0":{"start":{"line":12,"column":29},"end":{"line":12,"column":45}},"1":{"start":{"line":14,"column":4},"end":{"line":14,"column":17}},"2":{"start":{"line":15,"column":4},"end":{"line":22,"column":6}},"3":{"start":{"line":25,"column":14},"end":{"line":66,"column":3}},"4":{"start":{"line":26,"column":16},"end":{"line":26,"column":18}},"5":{"start":{"line":27,"column":23},"end":{"line":27,"column":25}},"6":{"start":{"line":28,"column":20},"end":{"line":28,"column":48}},"7":{"start":{"line":29,"column":18},"end":{"line":29,"column":34}},"8":{"start":{"line":31,"column":25},"end":{"line":50,"column":6}},"9":{"start":{"line":32,"column":6},"end":{"line":35,"column":7}},"10":{"start":{"line":33,"column":8},"end":{"line":33,"column":42}},"11":{"start":{"line":34,"column":8},"end":{"line":34,"column":18}},"12":{"start":{"line":36,"column":6},"end":{"line":36,"column":59}},"13":{"start":{"line":37,"column":6},"end":{"line":37,"column":39}},"14":{"start":{"line":39,"column":6},"end":{"line":39,"column":59}},"15":{"start":{"line":40,"column":6},"end":{"line":40,"column":39}},"16":{"start":{"line":42,"column":6},"end":{"line":42,"column":62}},"17":{"start":{"line":43,"column":6},"end":{"line":43,"column":59}},"18":{"start":{"line":45,"column":6},"end":{"line":47,"column":9}},"19":{"start":{"line":46,"column":8},"end":{"line":46,"column":61}},"20":{"start":{"line":48,"column":6},"end":{"line":48,"column":37}},"21":{"start":{"line":49,"column":6},"end":{"line":49,"column":18}},"22":{"start":{"line":51,"column":24},"end":{"line":51,"column":45}},"23":{"start":{"line":52,"column":24},"end":{"line":52,"column":49}},"24":{"start":{"line":53,"column":4},"end":{"line":57,"column":5}},"25":{"start":{"line":54,"column":6},"end":{"line":54,"column":51}},"26":{"start":{"line":56,"column":6},"end":{"line":56,"column":24}},"27":{"start":{"line":59,"column":4},"end":{"line":65,"column":7}},"28":{"start":{"line":69,"column":4},"end":{"line":104,"column":6}},"29":{"start":{"line":80,"column":14},"end":{"line":80,"column":45}},"30":{"start":{"line":108,"column":15},"end":{"line":146,"column":2}}},"fnMap":{"0":{"name":"(anonymous_0)","decl":{"start":{"line":13,"column":2},"end":{"line":13,"column":3}},"loc":{"start":{"line":13,"column":21},"end":{"line":23,"column":3}},"line":13},"1":{"name":"(anonymous_1)","decl":{"start":{"line":25,"column":14},"end":{"line":25,"column":15}},"loc":{"start":{"line":25,"column":20},"end":{"line":66,"column":3}},"line":25},"2":{"name":"(anonymous_2)","decl":{"start":{"line":31,"column":39},"end":{"line":31,"column":40}},"loc":{"start":{"line":31,"column":56},"end":{"line":50,"column":5}},"line":31},"3":{"name":"(anonymous_3)","decl":{"start":{"line":45,"column":42},"end":{"line":45,"column":43}},"loc":{"start":{"line":45,"column":49},"end":{"line":47,"column":7}},"line":45},"4":{"name":"(anonymous_4)","decl":{"start":{"line":68,"column":2},"end":{"line":68,"column":3}},"loc":{"start":{"line":68,"column":11},"end":{"line":105,"column":3}},"line":68},"5":{"name":"(anonymous_5)","decl":{"start":{"line":79,"column":26},"end":{"line":79,"column":27}},"loc":{"start":{"line":79,"column":36},"end":{"line":81,"column":13}},"line":79}},"branchMap":{"0":{"loc":{"start":{"line":32,"column":6},"end":{"line":35,"column":7}},"type":"if","locations":[{"start":{"line":32,"column":6},"end":{"line":35,"column":7}},{"start":{"line":32,"column":6},"end":{"line":35,"column":7}}],"line":32},"1":{"loc":{"start":{"line":53,"column":4},"end":{"line":57,"column":5}},"type":"if","locations":[{"start":{"line":53,"column":4},"end":{"line":57,"column":5}},{"start":{"line":53,"column":4},"end":{"line":57,"column":5}}],"line":53},"2":{"loc":{"start":{"line":95,"column":11},"end":{"line":101,"column":18}},"type":"cond-expr","locations":[{"start":{"line":96,"column":12},"end":{"line":100,"column":19}},{"start":{"line":101,"column":14},"end":{"line":101,"column":18}}],"line":95}},"s":{"0":0,"1":0,"2":0,"3":0,"4":0,"5":0,"6":0,"7":0,"8":0,"9":0,"10":0,"11":0,"12":0,"13":0,"14":0,"15":0,"16":0,"17":0,"18":0,"19":0,"20":0,"21":0,"22":0,"23":0,"24":0,"25":0,"26":0,"27":0,"28":0,"29":0,"30":0},"f":{"0":0,"1":0,"2":0,"3":0,"4":0,"5":0},"b":{"0":[0,0],"1":[0,0],"2":[0,0]}}
,"/Users/kos/01_dev/07_u-tools/u-tools/src/04_external/components/05_pages/DatetimeTransformScreen.tsx": {"path":"/Users/kos/01_dev/07_u-tools/u-tools/src/04_external/components/05_pages/DatetimeTransformScreen.tsx","statementMap":{"0":{"start":{"line":12,"column":29},"end":{"line":12,"column":45}},"1":{"start":{"line":14,"column":4},"end":{"line":14,"column":17}},"2":{"start":{"line":15,"column":4},"end":{"line":23,"column":6}},"3":{"start":{"line":26,"column":16},"end":{"line":37,"column":3}},"4":{"start":{"line":27,"column":4},"end":{"line":31,"column":5}},"5":{"start":{"line":28,"column":6},"end":{"line":28,"column":12}},"6":{"start":{"line":30,"column":6},"end":{"line":30,"column":20}},"7":{"start":{"line":32,"column":4},"end":{"line":32,"column":70}},"8":{"start":{"line":32,"column":54},"end":{"line":32,"column":70}},"9":{"start":{"line":33,"column":4},"end":{"line":33,"column":70}},"10":{"start":{"line":33,"column":54},"end":{"line":33,"column":70}},"11":{"start":{"line":34,"column":4},"end":{"line":34,"column":70}},"12":{"start":{"line":34,"column":54},"end":{"line":34,"column":70}},"13":{"start":{"line":35,"column":4},"end":{"line":35,"column":70}},"14":{"start":{"line":35,"column":54},"end":{"line":35,"column":70}},"15":{"start":{"line":36,"column":4},"end":{"line":36,"column":70}},"16":{"start":{"line":36,"column":54},"end":{"line":36,"column":70}},"17":{"start":{"line":39,"column":14},"end":{"line":109,"column":3}},"18":{"start":{"line":40,"column":16},"end":{"line":40,"column":18}},"19":{"start":{"line":41,"column":23},"end":{"line":41,"column":25}},"20":{"start":{"line":42,"column":20},"end":{"line":42,"column":48}},"21":{"start":{"line":43,"column":18},"end":{"line":43,"column":34}},"22":{"start":{"line":46,"column":6},"end":{"line":46,"column":73}},"23":{"start":{"line":47,"column":25},"end":{"line":73,"column":6}},"24":{"start":{"line":48,"column":6},"end":{"line":48,"column":39}},"25":{"start":{"line":49,"column":6},"end":{"line":51,"column":9}},"26":{"start":{"line":50,"column":8},"end":{"line":50,"column":61}},"27":{"start":{"line":52,"column":19},"end":{"line":52,"column":32}},"28":{"start":{"line":53,"column":6},"end":{"line":56,"column":7}},"29":{"start":{"line":54,"column":8},"end":{"line":54,"column":42}},"30":{"start":{"line":55,"column":8},"end":{"line":55,"column":18}},"31":{"start":{"line":57,"column":14},"end":{"line":57,"column":16}},"32":{"start":{"line":59,"column":6},"end":{"line":59,"column":26}},"33":{"start":{"line":60,"column":6},"end":{"line":64,"column":7}},"34":{"start":{"line":61,"column":8},"end":{"line":61,"column":22}},"35":{"start":{"line":63,"column":8},"end":{"line":63,"column":51}},"36":{"start":{"line":66,"column":6},"end":{"line":72,"column":8}},"37":{"start":{"line":74,"column":24},"end":{"line":74,"column":45}},"38":{"start":{"line":76,"column":17},"end":{"line":76,"column":47}},"39":{"start":{"line":77,"column":24},"end":{"line":90,"column":6}},"40":{"start":{"line":78,"column":19},"end":{"line":78,"column":36}},"41":{"start":{"line":79,"column":6},"end":{"line":81,"column":7}},"42":{"start":{"line":80,"column":8},"end":{"line":80,"column":18}},"43":{"start":{"line":82,"column":6},"end":{"line":89,"column":8}},"44":{"start":{"line":92,"column":24},"end":{"line":92,"column":49}},"45":{"start":{"line":93,"column":28},"end":{"line":93,"column":52}},"46":{"start":{"line":95,"column":4},"end":{"line":99,"column":5}},"47":{"start":{"line":96,"column":6},"end":{"line":96,"column":54}},"48":{"start":{"line":98,"column":6},"end":{"line":98,"column":24}},"49":{"start":{"line":101,"column":4},"end":{"line":108,"column":7}},"50":{"start":{"line":112,"column":4},"end":{"line":154,"column":6}},"51":{"start":{"line":122,"column":14},"end":{"line":122,"column":45}},"52":{"start":{"line":158,"column":15},"end":{"line":196,"column":2}}},"fnMap":{"0":{"name":"(anonymous_0)","decl":{"start":{"line":13,"column":2},"end":{"line":13,"column":3}},"loc":{"start":{"line":13,"column":21},"end":{"line":24,"column":3}},"line":13},"1":{"name":"(anonymous_1)","decl":{"start":{"line":26,"column":16},"end":{"line":26,"column":17}},"loc":{"start":{"line":26,"column":26},"end":{"line":37,"column":3}},"line":26},"2":{"name":"(anonymous_2)","decl":{"start":{"line":39,"column":14},"end":{"line":39,"column":15}},"loc":{"start":{"line":39,"column":20},"end":{"line":109,"column":3}},"line":39},"3":{"name":"(anonymous_3)","decl":{"start":{"line":47,"column":39},"end":{"line":47,"column":40}},"loc":{"start":{"line":47,"column":56},"end":{"line":73,"column":5}},"line":47},"4":{"name":"(anonymous_4)","decl":{"start":{"line":49,"column":42},"end":{"line":49,"column":43}},"loc":{"start":{"line":49,"column":49},"end":{"line":51,"column":7}},"line":49},"5":{"name":"(anonymous_5)","decl":{"start":{"line":77,"column":43},"end":{"line":77,"column":44}},"loc":{"start":{"line":77,"column":53},"end":{"line":90,"column":5}},"line":77},"6":{"name":"(anonymous_6)","decl":{"start":{"line":111,"column":2},"end":{"line":111,"column":3}},"loc":{"start":{"line":111,"column":11},"end":{"line":155,"column":3}},"line":111},"7":{"name":"(anonymous_7)","decl":{"start":{"line":121,"column":26},"end":{"line":121,"column":27}},"loc":{"start":{"line":121,"column":36},"end":{"line":123,"column":13}},"line":121}},"branchMap":{"0":{"loc":{"start":{"line":27,"column":4},"end":{"line":31,"column":5}},"type":"if","locations":[{"start":{"line":27,"column":4},"end":{"line":31,"column":5}},{"start":{"line":27,"column":4},"end":{"line":31,"column":5}}],"line":27},"1":{"loc":{"start":{"line":32,"column":4},"end":{"line":32,"column":70}},"type":"if","locations":[{"start":{"line":32,"column":4},"end":{"line":32,"column":70}},{"start":{"line":32,"column":4},"end":{"line":32,"column":70}}],"line":32},"2":{"loc":{"start":{"line":32,"column":8},"end":{"line":32,"column":52}},"type":"binary-expr","locations":[{"start":{"line":32,"column":9},"end":{"line":32,"column":18}},{"start":{"line":32,"column":22},"end":{"line":32,"column":32}},{"start":{"line":32,"column":37},"end":{"line":32,"column":42}},{"start":{"line":32,"column":46},"end":{"line":32,"column":52}}],"line":32},"3":{"loc":{"start":{"line":33,"column":4},"end":{"line":33,"column":70}},"type":"if","locations":[{"start":{"line":33,"column":4},"end":{"line":33,"column":70}},{"start":{"line":33,"column":4},"end":{"line":33,"column":70}}],"line":33},"4":{"loc":{"start":{"line":33,"column":8},"end":{"line":33,"column":52}},"type":"binary-expr","locations":[{"start":{"line":33,"column":9},"end":{"line":33,"column":18}},{"start":{"line":33,"column":22},"end":{"line":33,"column":32}},{"start":{"line":33,"column":37},"end":{"line":33,"column":42}},{"start":{"line":33,"column":46},"end":{"line":33,"column":52}}],"line":33},"5":{"loc":{"start":{"line":34,"column":4},"end":{"line":34,"column":70}},"type":"if","locations":[{"start":{"line":34,"column":4},"end":{"line":34,"column":70}},{"start":{"line":34,"column":4},"end":{"line":34,"column":70}}],"line":34},"6":{"loc":{"start":{"line":34,"column":8},"end":{"line":34,"column":52}},"type":"binary-expr","locations":[{"start":{"line":34,"column":9},"end":{"line":34,"column":18}},{"start":{"line":34,"column":22},"end":{"line":34,"column":32}},{"start":{"line":34,"column":37},"end":{"line":34,"column":42}},{"start":{"line":34,"column":46},"end":{"line":34,"column":52}}],"line":34},"7":{"loc":{"start":{"line":35,"column":4},"end":{"line":35,"column":70}},"type":"if","locations":[{"start":{"line":35,"column":4},"end":{"line":35,"column":70}},{"start":{"line":35,"column":4},"end":{"line":35,"column":70}}],"line":35},"8":{"loc":{"start":{"line":35,"column":8},"end":{"line":35,"column":52}},"type":"binary-expr","locations":[{"start":{"line":35,"column":9},"end":{"line":35,"column":18}},{"start":{"line":35,"column":22},"end":{"line":35,"column":32}},{"start":{"line":35,"column":37},"end":{"line":35,"column":42}},{"start":{"line":35,"column":46},"end":{"line":35,"column":52}}],"line":35},"9":{"loc":{"start":{"line":36,"column":4},"end":{"line":36,"column":70}},"type":"if","locations":[{"start":{"line":36,"column":4},"end":{"line":36,"column":70}},{"start":{"line":36,"column":4},"end":{"line":36,"column":70}}],"line":36},"10":{"loc":{"start":{"line":36,"column":8},"end":{"line":36,"column":52}},"type":"binary-expr","locations":[{"start":{"line":36,"column":9},"end":{"line":36,"column":18}},{"start":{"line":36,"column":22},"end":{"line":36,"column":32}},{"start":{"line":36,"column":37},"end":{"line":36,"column":42}},{"start":{"line":36,"column":46},"end":{"line":36,"column":52}}],"line":36},"11":{"loc":{"start":{"line":53,"column":6},"end":{"line":56,"column":7}},"type":"if","locations":[{"start":{"line":53,"column":6},"end":{"line":56,"column":7}},{"start":{"line":53,"column":6},"end":{"line":56,"column":7}}],"line":53},"12":{"loc":{"start":{"line":60,"column":6},"end":{"line":64,"column":7}},"type":"if","locations":[{"start":{"line":60,"column":6},"end":{"line":64,"column":7}},{"start":{"line":60,"column":6},"end":{"line":64,"column":7}}],"line":60},"13":{"loc":{"start":{"line":79,"column":6},"end":{"line":81,"column":7}},"type":"if","locations":[{"start":{"line":79,"column":6},"end":{"line":81,"column":7}},{"start":{"line":79,"column":6},"end":{"line":81,"column":7}}],"line":79},"14":{"loc":{"start":{"line":95,"column":4},"end":{"line":99,"column":5}},"type":"if","locations":[{"start":{"line":95,"column":4},"end":{"line":99,"column":5}},{"start":{"line":95,"column":4},"end":{"line":99,"column":5}}],"line":95},"15":{"loc":{"start":{"line":145,"column":11},"end":{"line":151,"column":18}},"type":"cond-expr","locations":[{"start":{"line":146,"column":12},"end":{"line":150,"column":19}},{"start":{"line":151,"column":14},"end":{"line":151,"column":18}}],"line":145}},"s":{"0":0,"1":0,"2":0,"3":0,"4":0,"5":0,"6":0,"7":0,"8":0,"9":0,"10":0,"11":0,"12":0,"13":0,"14":0,"15":0,"16":0,"17":0,"18":0,"19":0,"20":0,"21":0,"22":0,"23":0,"24":0,"25":0,"26":0,"27":0,"28":0,"29":0,"30":0,"31":0,"32":0,"33":0,"34":0,"35":0,"36":0,"37":0,"38":0,"39":0,"40":0,"41":0,"42":0,"43":0,"44":0,"45":0,"46":0,"47":0,"48":0,"49":0,"50":0,"51":0,"52":0},"f":{"0":0,"1":0,"2":0,"3":0,"4":0,"5":0,"6":0,"7":0},"b":{"0":[0,0],"1":[0,0],"2":[0,0,0,0],"3":[0,0],"4":[0,0,0,0],"5":[0,0],"6":[0,0,0,0],"7":[0,0],"8":[0,0,0,0],"9":[0,0],"10":[0,0,0,0],"11":[0,0],"12":[0,0],"13":[0,0],"14":[0,0],"15":[0,0]}}
,"/Users/kos/01_dev/07_u-tools/u-tools/src/04_external/components/05_pages/FlexPreviewScreen/PreviewComponent.tsx": {"path":"/Users/kos/01_dev/07_u-tools/u-tools/src/04_external/components/05_pages/FlexPreviewScreen/PreviewComponent.tsx","statementMap":{"0":{"start":{"line":7,"column":15},"end":{"line":22,"column":2}},"1":{"start":{"line":24,"column":21},"end":{"line":51,"column":1}},"2":{"start":{"line":25,"column":73},"end":{"line":25,"column":78}},"3":{"start":{"line":26,"column":2},"end":{"line":50,"column":4}},"4":{"start":{"line":53,"column":32},"end":{"line":117,"column":1}},"5":{"start":{"line":66,"column":6},"end":{"line":66,"column":11}},"6":{"start":{"line":67,"column":2},"end":{"line":116,"column":4}}},"fnMap":{"0":{"name":"(anonymous_0)","decl":{"start":{"line":24,"column":21},"end":{"line":24,"column":22}},"loc":{"start":{"line":24,"column":32},"end":{"line":51,"column":1}},"line":24},"1":{"name":"(anonymous_1)","decl":{"start":{"line":53,"column":32},"end":{"line":53,"column":33}},"loc":{"start":{"line":53,"column":43},"end":{"line":117,"column":1}},"line":53}},"branchMap":{"0":{"loc":{"start":{"line":33,"column":8},"end":{"line":40,"column":14}},"type":"cond-expr","locations":[{"start":{"line":34,"column":12},"end":{"line":39,"column":14}},{"start":{"line":40,"column":12},"end":{"line":40,"column":14}}],"line":33},"1":{"loc":{"start":{"line":45,"column":10},"end":{"line":45,"column":56}},"type":"cond-expr","locations":[{"start":{"line":45,"column":21},"end":{"line":45,"column":51}},{"start":{"line":45,"column":54},"end":{"line":45,"column":56}}],"line":45}},"s":{"0":1,"1":1,"2":4,"3":4,"4":1,"5":1,"6":1},"f":{"0":4,"1":1},"b":{"0":[1,3],"1":[1,3]},"_coverageSchema":"1a1c01bbd47fc00a2c39e90264f33305004495a9","hash":"6b00de7a46528937dafe59e6f0ac21b7209ca984"}
,"/Users/kos/01_dev/07_u-tools/u-tools/src/04_external/components/05_pages/FlexPreviewScreen/SettingComponent.tsx": {"path":"/Users/kos/01_dev/07_u-tools/u-tools/src/04_external/components/05_pages/FlexPreviewScreen/SettingComponent.tsx","statementMap":{"0":{"start":{"line":6,"column":15},"end":{"line":64,"column":2}},"1":{"start":{"line":72,"column":22},"end":{"line":90,"column":1}},"2":{"start":{"line":73,"column":57},"end":{"line":73,"column":61}},"3":{"start":{"line":74,"column":2},"end":{"line":89,"column":4}},"4":{"start":{"line":82,"column":10},"end":{"line":82,"column":35}},"5":{"start":{"line":85,"column":10},"end":{"line":85,"column":73}},"6":{"start":{"line":116,"column":32},"end":{"line":256,"column":1}},"7":{"start":{"line":140,"column":6},"end":{"line":140,"column":11}},"8":{"start":{"line":141,"column":2},"end":{"line":255,"column":4}}},"fnMap":{"0":{"name":"(anonymous_0)","decl":{"start":{"line":72,"column":22},"end":{"line":72,"column":23}},"loc":{"start":{"line":72,"column":45},"end":{"line":90,"column":1}},"line":72},"1":{"name":"(anonymous_1)","decl":{"start":{"line":81,"column":23},"end":{"line":81,"column":24}},"loc":{"start":{"line":81,"column":38},"end":{"line":83,"column":9}},"line":81},"2":{"name":"(anonymous_2)","decl":{"start":{"line":84,"column":28},"end":{"line":84,"column":29}},"loc":{"start":{"line":84,"column":46},"end":{"line":86,"column":9}},"line":84},"3":{"name":"(anonymous_3)","decl":{"start":{"line":116,"column":32},"end":{"line":116,"column":33}},"loc":{"start":{"line":116,"column":55},"end":{"line":256,"column":1}},"line":116}},"branchMap":{},"s":{"0":1,"1":1,"2":11,"3":11,"4":0,"5":54,"6":1,"7":1,"8":1},"f":{"0":11,"1":0,"2":54,"3":1},"b":{},"_coverageSchema":"1a1c01bbd47fc00a2c39e90264f33305004495a9","hash":"f3db5aada573fc08ab64bf00001828500ee2b7b7"}
,"/Users/kos/01_dev/07_u-tools/u-tools/src/04_external/components/05_pages/FlexPreviewScreen/index.tsx": {"path":"/Users/kos/01_dev/07_u-tools/u-tools/src/04_external/components/05_pages/FlexPreviewScreen/index.tsx","statementMap":{"0":{"start":{"line":13,"column":15},"end":{"line":43,"column":2}},"1":{"start":{"line":45,"column":33},"end":{"line":151,"column":1}},"2":{"start":{"line":46,"column":44},"end":{"line":46,"column":60}},"3":{"start":{"line":47,"column":46},"end":{"line":47,"column":62}},"4":{"start":{"line":48,"column":38},"end":{"line":48,"column":54}},"5":{"start":{"line":49,"column":34},"end":{"line":49,"column":50}},"6":{"start":{"line":50,"column":26},"end":{"line":50,"column":42}},"7":{"start":{"line":51,"column":42},"end":{"line":51,"column":58}},"8":{"start":{"line":52,"column":36},"end":{"line":52,"column":52}},"9":{"start":{"line":53,"column":26},"end":{"line":53,"column":43}},"10":{"start":{"line":54,"column":34},"end":{"line":54,"column":50}},"11":{"start":{"line":55,"column":38},"end":{"line":55,"column":54}},"12":{"start":{"line":56,"column":36},"end":{"line":56,"column":52}},"13":{"start":{"line":57,"column":36},"end":{"line":57,"column":48}},"14":{"start":{"line":59,"column":2},"end":{"line":94,"column":5}},"15":{"start":{"line":60,"column":19},"end":{"line":66,"column":6}},"16":{"start":{"line":67,"column":21},"end":{"line":69,"column":6}},"17":{"start":{"line":70,"column":19},"end":{"line":75,"column":6}},"18":{"start":{"line":76,"column":4},"end":{"line":82,"column":16}},"19":{"start":{"line":96,"column":2},"end":{"line":150,"column":4}}},"fnMap":{"0":{"name":"(anonymous_0)","decl":{"start":{"line":45,"column":33},"end":{"line":45,"column":34}},"loc":{"start":{"line":45,"column":39},"end":{"line":151,"column":1}},"line":45},"1":{"name":"(anonymous_1)","decl":{"start":{"line":59,"column":12},"end":{"line":59,"column":13}},"loc":{"start":{"line":59,"column":18},"end":{"line":83,"column":3}},"line":59}},"branchMap":{},"s":{"0":0,"1":0,"2":0,"3":0,"4":0,"5":0,"6":0,"7":0,"8":0,"9":0,"10":0,"11":0,"12":0,"13":0,"14":0,"15":0,"16":0,"17":0,"18":0,"19":0},"f":{"0":0,"1":0},"b":{}}
,"/Users/kos/01_dev/07_u-tools/u-tools/src/04_external/components/05_pages/HomeScreen/index.tsx": {"path":"/Users/kos/01_dev/07_u-tools/u-tools/src/04_external/components/05_pages/HomeScreen/index.tsx","statementMap":{"0":{"start":{"line":8,"column":15},"end":{"line":27,"column":2}},"1":{"start":{"line":29,"column":26},"end":{"line":67,"column":1}},"2":{"start":{"line":30,"column":21},"end":{"line":30,"column":36}},"3":{"start":{"line":32,"column":24},"end":{"line":34,"column":3}},"4":{"start":{"line":33,"column":4},"end":{"line":33,"column":35}},"5":{"start":{"line":35,"column":18},"end":{"line":37,"column":3}},"6":{"start":{"line":36,"column":4},"end":{"line":36,"column":33}},"7":{"start":{"line":38,"column":2},"end":{"line":66,"column":4}}},"fnMap":{"0":{"name":"(anonymous_0)","decl":{"start":{"line":29,"column":26},"end":{"line":29,"column":27}},"loc":{"start":{"line":29,"column":32},"end":{"line":67,"column":1}},"line":29},"1":{"name":"(anonymous_1)","decl":{"start":{"line":32,"column":24},"end":{"line":32,"column":25}},"loc":{"start":{"line":32,"column":30},"end":{"line":34,"column":3}},"line":32},"2":{"name":"(anonymous_2)","decl":{"start":{"line":35,"column":18},"end":{"line":35,"column":19}},"loc":{"start":{"line":35,"column":24},"end":{"line":37,"column":3}},"line":35}},"branchMap":{},"s":{"0":0,"1":0,"2":0,"3":0,"4":0,"5":0,"6":0,"7":0},"f":{"0":0,"1":0,"2":0},"b":{}}
,"/Users/kos/01_dev/07_u-tools/u-tools/src/04_external/components/05_pages/IconsScreen/index.tsx": {"path":"/Users/kos/01_dev/07_u-tools/u-tools/src/04_external/components/05_pages/IconsScreen/index.tsx","statementMap":{"0":{"start":{"line":7,"column":27},"end":{"line":24,"column":1}},"1":{"start":{"line":8,"column":28},"end":{"line":8,"column":40}},"2":{"start":{"line":10,"column":2},"end":{"line":12,"column":25}},"3":{"start":{"line":11,"column":4},"end":{"line":11,"column":38}},"4":{"start":{"line":14,"column":27},"end":{"line":21,"column":3}},"5":{"start":{"line":16,"column":24},"end":{"line":16,"column":60}},"6":{"start":{"line":18,"column":6},"end":{"line":18,"column":26}},"7":{"start":{"line":23,"column":2},"end":{"line":23,"column":77}}},"fnMap":{"0":{"name":"(anonymous_0)","decl":{"start":{"line":7,"column":27},"end":{"line":7,"column":28}},"loc":{"start":{"line":7,"column":33},"end":{"line":24,"column":1}},"line":7},"1":{"name":"(anonymous_1)","decl":{"start":{"line":10,"column":12},"end":{"line":10,"column":13}},"loc":{"start":{"line":10,"column":18},"end":{"line":12,"column":3}},"line":10},"2":{"name":"(anonymous_2)","decl":{"start":{"line":15,"column":4},"end":{"line":15,"column":5}},"loc":{"start":{"line":15,"column":34},"end":{"line":19,"column":5}},"line":15}},"branchMap":{},"s":{"0":0,"1":0,"2":0,"3":0,"4":0,"5":0,"6":0,"7":0},"f":{"0":0,"1":0,"2":0},"b":{}}
,"/Users/kos/01_dev/07_u-tools/u-tools/src/04_external/components/05_pages/IconsScreen/ui.tsx": {"path":"/Users/kos/01_dev/07_u-tools/u-tools/src/04_external/components/05_pages/IconsScreen/ui.tsx","statementMap":{"0":{"start":{"line":14,"column":15},"end":{"line":66,"column":2}},"1":{"start":{"line":73,"column":29},"end":{"line":184,"column":1}},"2":{"start":{"line":74,"column":36},"end":{"line":74,"column":51}},"3":{"start":{"line":75,"column":38},"end":{"line":75,"column":50}},"4":{"start":{"line":76,"column":38},"end":{"line":76,"column":50}},"5":{"start":{"line":77,"column":40},"end":{"line":77,"column":52}},"6":{"start":{"line":78,"column":30},"end":{"line":78,"column":51}},"7":{"start":{"line":80,"column":38},"end":{"line":80,"column":43}},"8":{"start":{"line":82,"column":2},"end":{"line":87,"column":27}},"9":{"start":{"line":83,"column":23},"end":{"line":85,"column":58}},"10":{"start":{"line":86,"column":4},"end":{"line":86,"column":31}},"11":{"start":{"line":89,"column":23},"end":{"line":95,"column":3}},"12":{"start":{"line":91,"column":6},"end":{"line":91,"column":37}},"13":{"start":{"line":92,"column":6},"end":{"line":92,"column":26}},"14":{"start":{"line":97,"column":24},"end":{"line":104,"column":3}},"15":{"start":{"line":99,"column":6},"end":{"line":99,"column":24}},"16":{"start":{"line":100,"column":6},"end":{"line":100,"column":22}},"17":{"start":{"line":101,"column":6},"end":{"line":101,"column":41}},"18":{"start":{"line":106,"column":22},"end":{"line":110,"column":8}},"19":{"start":{"line":107,"column":4},"end":{"line":107,"column":24}},"20":{"start":{"line":108,"column":4},"end":{"line":108,"column":30}},"21":{"start":{"line":109,"column":4},"end":{"line":109,"column":23}},"22":{"start":{"line":112,"column":25},"end":{"line":118,"column":3}},"23":{"start":{"line":113,"column":4},"end":{"line":117,"column":6}},"24":{"start":{"line":120,"column":2},"end":{"line":183,"column":4}},"25":{"start":{"line":137,"column":16},"end":{"line":143,"column":18}},"26":{"start":{"line":152,"column":16},"end":{"line":158,"column":18}},"27":{"start":{"line":170,"column":12},"end":{"line":170,"column":32}},"28":{"start":{"line":175,"column":14},"end":{"line":175,"column":34}}},"fnMap":{"0":{"name":"(anonymous_0)","decl":{"start":{"line":73,"column":29},"end":{"line":73,"column":30}},"loc":{"start":{"line":73,"column":52},"end":{"line":184,"column":1}},"line":73},"1":{"name":"(anonymous_1)","decl":{"start":{"line":82,"column":12},"end":{"line":82,"column":13}},"loc":{"start":{"line":82,"column":18},"end":{"line":87,"column":3}},"line":82},"2":{"name":"(anonymous_2)","decl":{"start":{"line":90,"column":4},"end":{"line":90,"column":5}},"loc":{"start":{"line":90,"column":14},"end":{"line":93,"column":5}},"line":90},"3":{"name":"(anonymous_3)","decl":{"start":{"line":98,"column":4},"end":{"line":98,"column":5}},"loc":{"start":{"line":98,"column":14},"end":{"line":102,"column":5}},"line":98},"4":{"name":"(anonymous_4)","decl":{"start":{"line":106,"column":34},"end":{"line":106,"column":35}},"loc":{"start":{"line":106,"column":44},"end":{"line":110,"column":3}},"line":106},"5":{"name":"(anonymous_5)","decl":{"start":{"line":112,"column":25},"end":{"line":112,"column":26}},"loc":{"start":{"line":112,"column":31},"end":{"line":118,"column":3}},"line":112},"6":{"name":"(anonymous_6)","decl":{"start":{"line":136,"column":26},"end":{"line":136,"column":27}},"loc":{"start":{"line":136,"column":40},"end":{"line":144,"column":15}},"line":136},"7":{"name":"(anonymous_7)","decl":{"start":{"line":151,"column":26},"end":{"line":151,"column":27}},"loc":{"start":{"line":151,"column":40},"end":{"line":159,"column":15}},"line":151},"8":{"name":"(anonymous_8)","decl":{"start":{"line":169,"column":21},"end":{"line":169,"column":22}},"loc":{"start":{"line":169,"column":27},"end":{"line":171,"column":11}},"line":169},"9":{"name":"(anonymous_9)","decl":{"start":{"line":174,"column":21},"end":{"line":174,"column":22}},"loc":{"start":{"line":174,"column":27},"end":{"line":176,"column":13}},"line":174}},"branchMap":{},"s":{"0":0,"1":0,"2":0,"3":0,"4":0,"5":0,"6":0,"7":0,"8":0,"9":0,"10":0,"11":0,"12":0,"13":0,"14":0,"15":0,"16":0,"17":0,"18":0,"19":0,"20":0,"21":0,"22":0,"23":0,"24":0,"25":0,"26":0,"27":0,"28":0},"f":{"0":0,"1":0,"2":0,"3":0,"4":0,"5":0,"6":0,"7":0,"8":0,"9":0},"b":{}}
,"/Users/kos/01_dev/07_u-tools/u-tools/src/04_external/navigation/AppNavigator.tsx": {"path":"/Users/kos/01_dev/07_u-tools/u-tools/src/04_external/navigation/AppNavigator.tsx","statementMap":{"0":{"start":{"line":9,"column":28},"end":{"line":44,"column":1}},"1":{"start":{"line":11,"column":23},"end":{"line":11,"column":51}},"2":{"start":{"line":12,"column":24},"end":{"line":12,"column":60}},"3":{"start":{"line":13,"column":18},"end":{"line":16,"column":8}},"4":{"start":{"line":14,"column":4},"end":{"line":14,"column":74}},"5":{"start":{"line":36,"column":2},"end":{"line":43,"column":4}}},"fnMap":{"0":{"name":"(anonymous_0)","decl":{"start":{"line":9,"column":28},"end":{"line":9,"column":29}},"loc":{"start":{"line":9,"column":34},"end":{"line":44,"column":1}},"line":9},"1":{"name":"(anonymous_1)","decl":{"start":{"line":13,"column":30},"end":{"line":13,"column":31}},"loc":{"start":{"line":13,"column":36},"end":{"line":16,"column":3}},"line":13}},"branchMap":{},"s":{"0":0,"1":0,"2":0,"3":0,"4":0,"5":0},"f":{"0":0,"1":0},"b":{}}
,"/Users/kos/01_dev/07_u-tools/u-tools/src/04_external/navigation/AppNavigator.web.tsx": {"path":"/Users/kos/01_dev/07_u-tools/u-tools/src/04_external/navigation/AppNavigator.web.tsx","statementMap":{"0":{"start":{"line":9,"column":28},"end":{"line":44,"column":1}},"1":{"start":{"line":11,"column":23},"end":{"line":11,"column":51}},"2":{"start":{"line":12,"column":24},"end":{"line":12,"column":60}},"3":{"start":{"line":13,"column":18},"end":{"line":16,"column":8}},"4":{"start":{"line":14,"column":4},"end":{"line":14,"column":74}},"5":{"start":{"line":36,"column":2},"end":{"line":43,"column":4}}},"fnMap":{"0":{"name":"(anonymous_0)","decl":{"start":{"line":9,"column":28},"end":{"line":9,"column":29}},"loc":{"start":{"line":9,"column":34},"end":{"line":44,"column":1}},"line":9},"1":{"name":"(anonymous_1)","decl":{"start":{"line":13,"column":30},"end":{"line":13,"column":31}},"loc":{"start":{"line":13,"column":36},"end":{"line":16,"column":3}},"line":13}},"branchMap":{},"s":{"0":0,"1":0,"2":0,"3":0,"4":0,"5":0},"f":{"0":0,"1":0},"b":{}}
,"/Users/kos/01_dev/07_u-tools/u-tools/src/04_external/navigation/MainTabNavigator.tsx": {"path":"/Users/kos/01_dev/07_u-tools/u-tools/src/04_external/navigation/MainTabNavigator.tsx","statementMap":{"0":{"start":{"line":15,"column":14},"end":{"line":15,"column":36}},"1":{"start":{"line":18,"column":23},"end":{"line":20,"column":3}},"2":{"start":{"line":21,"column":2},"end":{"line":46,"column":4}},"3":{"start":{"line":49,"column":12},"end":{"line":49,"column":38}},"4":{"start":{"line":52,"column":24},"end":{"line":55,"column":3}},"5":{"start":{"line":56,"column":32},"end":{"line":59,"column":3}},"6":{"start":{"line":57,"column":24},"end":{"line":57,"column":29}},"7":{"start":{"line":58,"column":4},"end":{"line":58,"column":57}},"8":{"start":{"line":61,"column":2},"end":{"line":73,"column":4}}},"fnMap":{"0":{"name":"ReactNativeStack","decl":{"start":{"line":17,"column":9},"end":{"line":17,"column":25}},"loc":{"start":{"line":17,"column":28},"end":{"line":47,"column":1}},"line":17},"1":{"name":"TabNavigator","decl":{"start":{"line":51,"column":16},"end":{"line":51,"column":28}},"loc":{"start":{"line":51,"column":31},"end":{"line":74,"column":1}},"line":51},"2":{"name":"(anonymous_2)","decl":{"start":{"line":56,"column":32},"end":{"line":56,"column":33}},"loc":{"start":{"line":56,"column":65},"end":{"line":59,"column":3}},"line":56}},"branchMap":{},"s":{"0":0,"1":0,"2":0,"3":0,"4":0,"5":0,"6":0,"7":0,"8":0},"f":{"0":0,"1":0,"2":0},"b":{}}
,"/Users/kos/01_dev/07_u-tools/u-tools/src/04_external/styles/Colors.ts": {"path":"/Users/kos/01_dev/07_u-tools/u-tools/src/04_external/styles/Colors.ts","statementMap":{"0":{"start":{"line":1,"column":18},"end":{"line":1,"column":27}},"1":{"start":{"line":3,"column":22},"end":{"line":22,"column":1}}},"fnMap":{},"branchMap":{},"s":{"0":5,"1":5},"f":{},"b":{},"_coverageSchema":"1a1c01bbd47fc00a2c39e90264f33305004495a9","hash":"b5ec2a604074a6c3d82adbabbe16757b32b10a2e"}
,"/Users/kos/01_dev/07_u-tools/u-tools/src/types/extend-expect.d.ts": {"path":"/Users/kos/01_dev/07_u-tools/u-tools/src/types/extend-expect.d.ts","statementMap":{},"fnMap":{},"branchMap":{},"s":{},"f":{},"b":{}}
}
