TN:
SF:src/01_entity/models/flex_style.ts
FN:1,(anonymous_0)
FN:17,(anonymous_1)
FNF:2
FNH:2
FNDA:9,(anonymous_0)
FNDA:1,(anonymous_1)
DA:1,2
DA:2,9
DA:3,9
DA:4,23
DA:5,23
DA:6,11
DA:7,12
DA:8,2
DA:10,10
DA:14,9
DA:17,2
DA:18,1
DA:19,1
DA:20,1
DA:21,2
DA:22,1
DA:24,1
DA:27,1
LF:18
LH:18
BRDA:4,0,0,23
BRDA:4,0,1,0
BRDA:5,1,0,11
BRDA:5,1,1,12
BRDA:7,2,0,2
BRDA:7,2,1,10
BRDA:7,3,0,12
BRDA:7,3,1,2
BRDA:21,4,0,1
BRDA:21,4,1,1
BRF:10
BRH:9
end_of_record
TN:
SF:src/01_entity/models/vector_icons.ts
FN:70,(anonymous_0)
FN:77,(anonymous_1)
FNF:2
FNH:2
FNDA:2,(anonymous_0)
FNDA:184,(anonymous_1)
DA:1,1
DA:18,1
DA:20,1
DA:21,1
DA:22,1
DA:23,1
DA:24,1
DA:25,1
DA:26,1
DA:27,1
DA:28,1
DA:29,1
DA:32,1
DA:33,1
DA:34,1
DA:35,1
DA:37,1
DA:53,1
DA:70,1
DA:71,2
DA:73,2
DA:74,1
DA:76,1
DA:77,1
DA:78,184
DA:80,1
LF:26
LH:26
BRDA:73,0,0,1
BRDA:73,0,1,1
BRF:2
BRH:2
end_of_record
TN:
SF:src/04_external/components/01_atoms/TabBarIcon.tsx
FN:11,(anonymous_0)
FNF:1
FNH:0
FNDA:0,(anonymous_0)
DA:11,0
DA:12,0
DA:13,0
LF:3
LH:0
BRDA:17,0,0,0
BRDA:17,0,1,0
BRF:2
BRH:0
end_of_record
TN:
SF:src/04_external/components/01_atoms/Console/index.tsx
FN:45,(anonymous_0)
FN:54,(anonymous_1)
FN:73,(anonymous_2)
FNF:3
FNH:2
FNDA:3,(anonymous_0)
FNDA:0,(anonymous_1)
FNDA:1,(anonymous_2)
DA:12,1
DA:45,1
DA:46,3
DA:47,3
DA:49,3
DA:50,1
DA:55,0
DA:62,2
DA:74,1
LF:9
LH:8
BRDA:49,0,0,1
BRDA:49,0,1,2
BRF:2
BRH:2
end_of_record
TN:
SF:src/04_external/components/01_atoms/FontFamilyItem/index.tsx
FN:22,(anonymous_0)
FN:26,(anonymous_1)
FNF:2
FNH:2
FNDA:2,(anonymous_0)
FNDA:1,(anonymous_1)
DA:5,1
DA:22,1
DA:23,2
DA:24,2
DA:27,1
LF:5
LH:5
BRDA:31,0,0,1
BRDA:31,0,1,1
BRF:2
BRH:2
end_of_record
TN:
SF:src/04_external/components/01_atoms/IconItem/index.tsx
FN:47,(anonymous_0)
FN:49,(anonymous_1)
FN:95,(anonymous_2)
FNF:3
FNH:3
FNDA:1,(anonymous_0)
FNDA:1,(anonymous_1)
FNDA:1,(anonymous_2)
DA:22,1
DA:45,1
DA:47,1
DA:48,1
DA:49,1
DA:50,1
DA:52,0
DA:54,0
DA:56,0
DA:58,0
DA:60,0
DA:62,0
DA:64,0
DA:66,0
DA:68,1
DA:70,0
DA:74,0
DA:82,0
DA:86,0
DA:88,0
DA:90,0
DA:93,1
DA:96,1
LF:23
LH:9
BRDA:50,0,0,0
BRDA:50,0,1,0
BRDA:50,0,2,0
BRDA:50,0,3,0
BRDA:50,0,4,0
BRDA:50,0,5,0
BRDA:50,0,6,0
BRDA:50,0,7,0
BRDA:50,0,8,1
BRDA:50,0,9,0
BRDA:50,0,10,0
BRDA:50,0,11,0
BRDA:50,0,12,0
BRDA:50,0,13,0
BRDA:50,0,14,0
BRF:15
BRH:1
end_of_record
TN:
SF:src/04_external/components/01_atoms/PageTitle/index.tsx
FN:14,(anonymous_0)
FNF:1
FNH:1
FNDA:1,(anonymous_0)
DA:6,1
DA:14,1
DA:15,1
DA:17,1
LF:4
LH:4
BRF:0
BRH:0
end_of_record
TN:
SF:src/04_external/components/05_pages/AddressTransformScreen.tsx
FN:13,(anonymous_0)
FN:25,(anonymous_1)
FN:31,(anonymous_2)
FN:37,(anonymous_3)
FN:63,(anonymous_4)
FN:74,(anonymous_5)
FNF:6
FNH:0
FNDA:0,(anonymous_0)
FNDA:0,(anonymous_1)
FNDA:0,(anonymous_2)
FNDA:0,(anonymous_3)
FNDA:0,(anonymous_4)
FNDA:0,(anonymous_5)
DA:12,0
DA:14,0
DA:15,0
DA:25,0
DA:26,0
DA:27,0
DA:28,0
DA:29,0
DA:31,0
DA:32,0
DA:33,0
DA:34,0
DA:37,0
DA:38,0
DA:40,0
DA:41,0
DA:43,0
DA:45,0
DA:46,0
DA:48,0
DA:49,0
DA:51,0
DA:54,0
DA:64,0
DA:75,0
DA:103,0
LF:26
LH:0
BRDA:32,0,0,0
BRDA:32,0,1,0
BRDA:48,1,0,0
BRDA:48,1,1,0
BRDA:90,2,0,0
BRDA:90,2,1,0
BRF:6
BRH:0
end_of_record
TN:
SF:src/04_external/components/05_pages/CompanyNameTransformScreen.tsx
FN:13,(anonymous_0)
FN:25,(anonymous_1)
FN:31,(anonymous_2)
FN:45,(anonymous_3)
FN:68,(anonymous_4)
FN:79,(anonymous_5)
FNF:6
FNH:0
FNDA:0,(anonymous_0)
FNDA:0,(anonymous_1)
FNDA:0,(anonymous_2)
FNDA:0,(anonymous_3)
FNDA:0,(anonymous_4)
FNDA:0,(anonymous_5)
DA:12,0
DA:14,0
DA:15,0
DA:25,0
DA:26,0
DA:27,0
DA:28,0
DA:29,0
DA:31,0
DA:32,0
DA:33,0
DA:34,0
DA:36,0
DA:37,0
DA:39,0
DA:40,0
DA:42,0
DA:43,0
DA:45,0
DA:46,0
DA:48,0
DA:49,0
DA:51,0
DA:52,0
DA:53,0
DA:54,0
DA:56,0
DA:59,0
DA:69,0
DA:80,0
DA:108,0
LF:31
LH:0
BRDA:32,0,0,0
BRDA:32,0,1,0
BRDA:53,1,0,0
BRDA:53,1,1,0
BRDA:95,2,0,0
BRDA:95,2,1,0
BRF:6
BRH:0
end_of_record
TN:
SF:src/04_external/components/05_pages/DatetimeTransformScreen.tsx
FN:13,(anonymous_0)
FN:26,(anonymous_1)
FN:39,(anonymous_2)
FN:47,(anonymous_3)
FN:49,(anonymous_4)
FN:77,(anonymous_5)
FN:111,(anonymous_6)
FN:121,(anonymous_7)
FNF:8
FNH:0
FNDA:0,(anonymous_0)
FNDA:0,(anonymous_1)
FNDA:0,(anonymous_2)
FNDA:0,(anonymous_3)
FNDA:0,(anonymous_4)
FNDA:0,(anonymous_5)
FNDA:0,(anonymous_6)
FNDA:0,(anonymous_7)
DA:12,0
DA:14,0
DA:15,0
DA:26,0
DA:27,0
DA:28,0
DA:30,0
DA:32,0
DA:33,0
DA:34,0
DA:35,0
DA:36,0
DA:39,0
DA:40,0
DA:41,0
DA:42,0
DA:43,0
DA:46,0
DA:47,0
DA:48,0
DA:49,0
DA:50,0
DA:52,0
DA:53,0
DA:54,0
DA:55,0
DA:57,0
DA:59,0
DA:60,0
DA:61,0
DA:63,0
DA:66,0
DA:74,0
DA:76,0
DA:77,0
DA:78,0
DA:79,0
DA:80,0
DA:82,0
DA:92,0
DA:93,0
DA:95,0
DA:96,0
DA:98,0
DA:101,0
DA:112,0
DA:122,0
DA:158,0
LF:48
LH:0
BRDA:27,0,0,0
BRDA:27,0,1,0
BRDA:32,1,0,0
BRDA:32,1,1,0
BRDA:32,2,0,0
BRDA:32,2,1,0
BRDA:32,2,2,0
BRDA:32,2,3,0
BRDA:33,3,0,0
BRDA:33,3,1,0
BRDA:33,4,0,0
BRDA:33,4,1,0
BRDA:33,4,2,0
BRDA:33,4,3,0
BRDA:34,5,0,0
BRDA:34,5,1,0
BRDA:34,6,0,0
BRDA:34,6,1,0
BRDA:34,6,2,0
BRDA:34,6,3,0
BRDA:35,7,0,0
BRDA:35,7,1,0
BRDA:35,8,0,0
BRDA:35,8,1,0
BRDA:35,8,2,0
BRDA:35,8,3,0
BRDA:36,9,0,0
BRDA:36,9,1,0
BRDA:36,10,0,0
BRDA:36,10,1,0
BRDA:36,10,2,0
BRDA:36,10,3,0
BRDA:53,11,0,0
BRDA:53,11,1,0
BRDA:60,12,0,0
BRDA:60,12,1,0
BRDA:79,13,0,0
BRDA:79,13,1,0
BRDA:95,14,0,0
BRDA:95,14,1,0
BRDA:145,15,0,0
BRDA:145,15,1,0
BRF:42
BRH:0
end_of_record
TN:
SF:src/04_external/components/05_pages/FlexPreviewScreen/PreviewComponent.tsx
FN:24,(anonymous_0)
FN:53,(anonymous_1)
FNF:2
FNH:2
FNDA:4,(anonymous_0)
FNDA:1,(anonymous_1)
DA:7,1
DA:24,1
DA:25,4
DA:26,4
DA:53,1
DA:66,1
DA:67,1
LF:7
LH:7
BRDA:33,0,0,1
BRDA:33,0,1,3
BRDA:45,1,0,1
BRDA:45,1,1,3
BRF:4
BRH:4
end_of_record
TN:
SF:src/04_external/components/05_pages/FlexPreviewScreen/SettingComponent.tsx
FN:72,(anonymous_0)
FN:81,(anonymous_1)
FN:84,(anonymous_2)
FN:116,(anonymous_3)
FNF:4
FNH:3
FNDA:11,(anonymous_0)
FNDA:0,(anonymous_1)
FNDA:54,(anonymous_2)
FNDA:1,(anonymous_3)
DA:6,1
DA:72,1
DA:73,11
DA:74,11
DA:82,0
DA:85,54
DA:116,1
DA:140,1
DA:141,1
LF:9
LH:8
BRF:0
BRH:0
end_of_record
TN:
SF:src/04_external/components/05_pages/FlexPreviewScreen/index.tsx
FN:45,(anonymous_0)
FN:59,(anonymous_1)
FNF:2
FNH:0
FNDA:0,(anonymous_0)
FNDA:0,(anonymous_1)
DA:13,0
DA:45,0
DA:46,0
DA:47,0
DA:48,0
DA:49,0
DA:50,0
DA:51,0
DA:52,0
DA:53,0
DA:54,0
DA:55,0
DA:56,0
DA:57,0
DA:59,0
DA:60,0
DA:67,0
DA:70,0
DA:76,0
DA:96,0
LF:20
LH:0
BRF:0
BRH:0
end_of_record
TN:
SF:src/04_external/components/05_pages/HomeScreen/index.tsx
FN:29,(anonymous_0)
FN:32,(anonymous_1)
FN:35,(anonymous_2)
FNF:3
FNH:0
FNDA:0,(anonymous_0)
FNDA:0,(anonymous_1)
FNDA:0,(anonymous_2)
DA:8,0
DA:29,0
DA:30,0
DA:32,0
DA:33,0
DA:35,0
DA:36,0
DA:38,0
LF:8
LH:0
BRF:0
BRH:0
end_of_record
TN:
SF:src/04_external/components/05_pages/IconsScreen/index.tsx
FN:7,(anonymous_0)
FN:10,(anonymous_1)
FN:15,(anonymous_2)
FNF:3
FNH:0
FNDA:0,(anonymous_0)
FNDA:0,(anonymous_1)
FNDA:0,(anonymous_2)
DA:7,0
DA:8,0
DA:10,0
DA:11,0
DA:14,0
DA:16,0
DA:18,0
DA:23,0
LF:8
LH:0
BRF:0
BRH:0
end_of_record
TN:
SF:src/04_external/components/05_pages/IconsScreen/ui.tsx
FN:73,(anonymous_0)
FN:82,(anonymous_1)
FN:90,(anonymous_2)
FN:98,(anonymous_3)
FN:106,(anonymous_4)
FN:112,(anonymous_5)
FN:136,(anonymous_6)
FN:151,(anonymous_7)
FN:169,(anonymous_8)
FN:174,(anonymous_9)
FNF:10
FNH:0
FNDA:0,(anonymous_0)
FNDA:0,(anonymous_1)
FNDA:0,(anonymous_2)
FNDA:0,(anonymous_3)
FNDA:0,(anonymous_4)
FNDA:0,(anonymous_5)
FNDA:0,(anonymous_6)
FNDA:0,(anonymous_7)
FNDA:0,(anonymous_8)
FNDA:0,(anonymous_9)
DA:14,0
DA:73,0
DA:74,0
DA:75,0
DA:76,0
DA:77,0
DA:78,0
DA:80,0
DA:82,0
DA:83,0
DA:86,0
DA:89,0
DA:91,0
DA:92,0
DA:97,0
DA:99,0
DA:100,0
DA:101,0
DA:106,0
DA:107,0
DA:108,0
DA:109,0
DA:112,0
DA:113,0
DA:120,0
DA:137,0
DA:152,0
DA:170,0
DA:175,0
LF:29
LH:0
BRF:0
BRH:0
end_of_record
TN:
SF:src/04_external/navigation/AppNavigator.tsx
FN:9,(anonymous_0)
FN:13,(anonymous_1)
FNF:2
FNH:0
FNDA:0,(anonymous_0)
FNDA:0,(anonymous_1)
DA:9,0
DA:11,0
DA:12,0
DA:13,0
DA:14,0
DA:36,0
LF:6
LH:0
BRF:0
BRH:0
end_of_record
TN:
SF:src/04_external/navigation/AppNavigator.web.tsx
FN:9,(anonymous_0)
FN:13,(anonymous_1)
FNF:2
FNH:0
FNDA:0,(anonymous_0)
FNDA:0,(anonymous_1)
DA:9,0
DA:11,0
DA:12,0
DA:13,0
DA:14,0
DA:36,0
LF:6
LH:0
BRF:0
BRH:0
end_of_record
TN:
SF:src/04_external/navigation/MainTabNavigator.tsx
FN:17,ReactNativeStack
FN:51,TabNavigator
FN:56,(anonymous_2)
FNF:3
FNH:0
FNDA:0,ReactNativeStack
FNDA:0,TabNavigator
FNDA:0,(anonymous_2)
DA:15,0
DA:18,0
DA:21,0
DA:49,0
DA:52,0
DA:56,0
DA:57,0
DA:58,0
DA:61,0
LF:9
LH:0
BRF:0
BRH:0
end_of_record
TN:
SF:src/04_external/styles/Colors.ts
FNF:0
FNH:0
DA:1,5
DA:3,5
LF:2
LH:2
BRF:0
BRH:0
end_of_record
TN:
SF:src/types/extend-expect.d.ts
FNF:0
FNH:0
LF:0
LH:0
BRF:0
BRH:0
end_of_record
